<?xml version="1.0" encoding="UTF-8"?>
<testsuites name="TS_RegressionTest" time="479" tests="2" failures="3" errors="0">
   <testsuite name="TS_RegressionTest" tests="2" failures="3" errors="0" time="479" timestamp="2018-11-15 10:42:50" hostname="connorreese - 10.1.1.144" id="Test Suites/TS_RegressionTest">
      <properties>
         <property name="deviceName" value="samsung SM-J727U (Android 7.0)"/>
         <property name="devicePlatform" value=""/>
         <property name="logFolder" value="/Users/connorreese/Katalon Studio/AndroidSmokeTest copy/Reports/TS_RegressionTest/20181115_104249"/>
         <property name="logFiles" value="/Users/connorreese/Katalon Studio/AndroidSmokeTest copy/Reports/TS_RegressionTest/20181115_104249/execution0.log, /Users/connorreese/Katalon Studio/AndroidSmokeTest copy/Reports/TS_RegressionTest/20181115_104249/appium.log"/>
         <property name="attachments" value="/Users/connorreese/Katalon Studio/AndroidSmokeTest copy/Reports/TS_RegressionTest/20181115_104249/1542303993294.png, /Users/connorreese/Katalon Studio/AndroidSmokeTest copy/Reports/TS_RegressionTest/20181115_104249/1542303993819.png, /Users/connorreese/Katalon Studio/AndroidSmokeTest copy/Reports/TS_RegressionTest/20181115_104249/1542304081532.png, /Users/connorreese/Katalon Studio/AndroidSmokeTest copy/Reports/TS_RegressionTest/20181115_104249/1542304082050.png, /Users/connorreese/Katalon Studio/AndroidSmokeTest copy/Reports/TS_RegressionTest/20181115_104249/1542304245418.png, /Users/connorreese/Katalon Studio/AndroidSmokeTest copy/Reports/TS_RegressionTest/20181115_104249/1542304245860.png"/>
         <property name="hostName" value="connorreese - 10.1.1.144"/>
         <property name="os" value="Mac OS X 64bit"/>
         <property name="katalonVersion" value="5.8.6.1"/>
         <property name="deviceOS" value="Android"/>
         <property name="appiumVersion" value="1.8.1"/>
         <property name="deviceModel" value="SM-J727U"/>
         <property name="hostAddress" value="10.1.1.144"/>
         <property name="deviceManufacturer" value="samsung"/>
         <property name="deviceId" value="330097d69bf6a3e7"/>
         <property name="deviceName" value="samsung SM-J727U (Android 7.0)"/>
         <property name="deviceOSVersion" value="7.0"/>
      </properties>
      <testcase name="Test Cases/successfulLoginTest" classname="Test Cases/successfulLoginTest" status="PASSED">
         <system-out><![CDATA[2018-11-15 10:42:51 - [TEST_CASE][PASSED] - Test Cases/successfulLoginTest: Test Cases/successfulLoginTest

2018-11-15 10:42:51 - [TEST_STEP][PASSED] - startApplication: Started app at: '/Users/connorreese/Downloads/Clip-3.4.0-208-prod-release.apk'

2018-11-15 10:43:48 - [MESSAGE][PASSED] - Started app at: '/Users/connorreese/Downloads/Clip-3.4.0-208-prod-release.apk'

2018-11-15 10:43:48 - [TEST_STEP][PASSED] - tap: Tapped on element 'Object Repository/Application/Login Selectors/login'

2018-11-15 10:43:48 - [MESSAGE][WARNING] - Timeout '0' is invalid. Using default page load timeout: '30'

2018-11-15 10:43:50 - [MESSAGE][PASSED] - Tapped on element 'Object Repository/Application/Login Selectors/login'

2018-11-15 10:43:50 - [TEST_STEP][PASSED] - tap: Tapped on element 'Object Repository/Application/Login Selectors/emailLogin'

2018-11-15 10:43:50 - [MESSAGE][WARNING] - Timeout '0' is invalid. Using default page load timeout: '30'

2018-11-15 10:43:52 - [MESSAGE][PASSED] - Tapped on element 'Object Repository/Application/Login Selectors/emailLogin'

2018-11-15 10:43:52 - [TEST_STEP][PASSED] - setText: Text 'connor.reese@payclip.com' has been set to element 'Object Repository/Application/Login Selectors/emailLoginInput'

2018-11-15 10:43:52 - [MESSAGE][WARNING] - Timeout '0' is invalid. Using default page load timeout: '30'

2018-11-15 10:43:53 - [MESSAGE][PASSED] - Text 'connor.reese@payclip.com' has been set to element 'Object Repository/Application/Login Selectors/emailLoginInput'

2018-11-15 10:43:53 - [TEST_STEP][PASSED] - tap: Tapped on element 'Object Repository/Application/Login Selectors/password'

2018-11-15 10:43:53 - [MESSAGE][WARNING] - Timeout '0' is invalid. Using default page load timeout: '30'

2018-11-15 10:43:55 - [MESSAGE][PASSED] - Tapped on element 'Object Repository/Application/Login Selectors/password'

2018-11-15 10:43:55 - [TEST_STEP][PASSED] - setText: Text 'P@ssw0rd' has been set to element 'Object Repository/Application/Login Selectors/passwordInput'

2018-11-15 10:43:55 - [MESSAGE][WARNING] - Timeout '0' is invalid. Using default page load timeout: '30'

2018-11-15 10:43:56 - [MESSAGE][PASSED] - Text 'P@ssw0rd' has been set to element 'Object Repository/Application/Login Selectors/passwordInput'

2018-11-15 10:43:56 - [TEST_STEP][PASSED] - tap: Tapped on element 'Object Repository/Application/Login Selectors/loginButton'

2018-11-15 10:43:56 - [MESSAGE][WARNING] - Timeout '0' is invalid. Using default page load timeout: '30'

2018-11-15 10:43:58 - [MESSAGE][PASSED] - Tapped on element 'Object Repository/Application/Login Selectors/loginButton'

2018-11-15 10:43:58 - [TEST_STEP][PASSED] - closeApplication: Close app successfully

2018-11-15 10:44:02 - [MESSAGE][PASSED] - Close app successfully]]></system-out>
         <system-err><![CDATA[]]></system-err>
      </testcase>
      <testcase name="Test Cases/failedLoginTest" classname="Test Cases/failedLoginTest" status="PASSED">
         <system-out><![CDATA[2018-11-15 10:44:02 - [TEST_CASE][PASSED] - Test Cases/failedLoginTest: Test Cases/failedLoginTest

2018-11-15 10:44:03 - [TEST_STEP][PASSED] - startApplication: Started app at: '/Users/connorreese/Downloads/Clip-3.4.0-208-prod-release.apk'

2018-11-15 10:44:58 - [MESSAGE][PASSED] - Started app at: '/Users/connorreese/Downloads/Clip-3.4.0-208-prod-release.apk'

2018-11-15 10:44:58 - [TEST_STEP][PASSED] - tap: Tapped on element 'Object Repository/Application/Login Selectors/login'

2018-11-15 10:44:58 - [MESSAGE][WARNING] - Timeout '0' is invalid. Using default page load timeout: '30'

2018-11-15 10:45:00 - [MESSAGE][PASSED] - Tapped on element 'Object Repository/Application/Login Selectors/login'

2018-11-15 10:45:00 - [TEST_STEP][PASSED] - tap: Tapped on element 'Object Repository/Application/Login Selectors/emailLogin'

2018-11-15 10:45:00 - [MESSAGE][WARNING] - Timeout '0' is invalid. Using default page load timeout: '30'

2018-11-15 10:45:02 - [MESSAGE][PASSED] - Tapped on element 'Object Repository/Application/Login Selectors/emailLogin'

2018-11-15 10:45:02 - [TEST_STEP][PASSED] - setText: Text 'john doe' has been set to element 'Object Repository/Application/Login Selectors/emailLoginInput'

2018-11-15 10:45:02 - [MESSAGE][WARNING] - Timeout '0' is invalid. Using default page load timeout: '30'

2018-11-15 10:45:03 - [MESSAGE][PASSED] - Text 'john doe' has been set to element 'Object Repository/Application/Login Selectors/emailLoginInput'

2018-11-15 10:45:03 - [TEST_STEP][PASSED] - tap: Tapped on element 'Object Repository/Application/Login Selectors/password'

2018-11-15 10:45:03 - [MESSAGE][WARNING] - Timeout '0' is invalid. Using default page load timeout: '30'

2018-11-15 10:45:05 - [MESSAGE][PASSED] - Tapped on element 'Object Repository/Application/Login Selectors/password'

2018-11-15 10:45:05 - [TEST_STEP][PASSED] - setText: Text 'meh' has been set to element 'Object Repository/Application/Login Selectors/passwordInput'

2018-11-15 10:45:05 - [MESSAGE][WARNING] - Timeout '0' is invalid. Using default page load timeout: '30'

2018-11-15 10:45:06 - [MESSAGE][PASSED] - Text 'meh' has been set to element 'Object Repository/Application/Login Selectors/passwordInput'

2018-11-15 10:45:06 - [TEST_STEP][PASSED] - tap: Tapped on element 'Object Repository/Application/Login Selectors/loginError'

2018-11-15 10:45:06 - [MESSAGE][WARNING] - Timeout '0' is invalid. Using default page load timeout: '30'

2018-11-15 10:45:08 - [MESSAGE][PASSED] - Tapped on element 'Object Repository/Application/Login Selectors/loginError'

2018-11-15 10:45:08 - [TEST_STEP][PASSED] - tap: Tapped on element 'Object Repository/Application/Login Selectors/loginButton'

2018-11-15 10:45:08 - [MESSAGE][WARNING] - Timeout '0' is invalid. Using default page load timeout: '30'

2018-11-15 10:45:09 - [MESSAGE][PASSED] - Tapped on element 'Object Repository/Application/Login Selectors/loginButton'

2018-11-15 10:45:09 - [TEST_STEP][NOT_RUN] - closeApplication: NOT_RUN: closeApplication

2018-11-15 10:45:09 - [MESSAGE][NOT_RUN] - NOT_RUN: closeApplication]]></system-out>
         <system-err><![CDATA[]]></system-err>
      </testcase>
      <testcase name="Test Cases/terminalFuctionality" classname="Test Cases/terminalFuctionality" status="FAILED">
         <failure type="FAILED" message="(Stack trace: com.kms.katalon.core.exception.StepFailedException: Failed to tap on element 'Object Repository/Application/Terminal/android.widget.Button3 - 4' (Root cause: Object Object Repository/Application/Terminal/android.widget.Button3 - 4 not found)
	at com.kms.katalon.core.keyword.internal.KeywordMain.stepFailed(KeywordMain.groovy:36)
	at com.kms.katalon.core.mobile.keyword.internal.MobileKeywordMain.stepFailed(MobileKeywordMain.groovy:40)
	at com.kms.katalon.core.mobile.keyword.internal.MobileKeywordMain.runKeyword(MobileKeywordMain.groovy:23)
	at com.kms.katalon.core.mobile.keyword.builtin.TapKeyword.tap(TapKeyword.groovy:83)
	at com.kms.katalon.core.mobile.keyword.builtin.TapKeyword.execute(TapKeyword.groovy:66)
	at com.kms.katalon.core.keyword.internal.KeywordExecutor.executeKeywordForPlatform(KeywordExecutor.groovy:53)
	at com.kms.katalon.core.mobile.keyword.MobileBuiltInKeywords.tap(MobileBuiltInKeywords.groovy:485)
	at com.kms.katalon.core.mobile.keyword.MobileBuiltInKeywords$tap$0.call(Unknown Source)
	at org.codehaus.groovy.runtime.callsite.CallSiteArray.defaultCall(CallSiteArray.java:48)
	at org.codehaus.groovy.runtime.callsite.AbstractCallSite.call(AbstractCallSite.java:113)
	at org.codehaus.groovy.runtime.callsite.AbstractCallSite.call(AbstractCallSite.java:133)
	at Script1530814111084.run(Script1530814111084.groovy:36)
	at com.kms.katalon.core.main.ScriptEngine.run(ScriptEngine.java:183)
	at com.kms.katalon.core.main.ScriptEngine.runScriptAsRawText(ScriptEngine.java:108)
	at com.kms.katalon.core.main.TestCaseExecutor.runScript(TestCaseExecutor.java:294)
	at com.kms.katalon.core.main.TestCaseExecutor.doExecute(TestCaseExecutor.java:285)
	at com.kms.katalon.core.main.TestCaseExecutor.processExecutionPhase(TestCaseExecutor.java:264)
	at com.kms.katalon.core.main.TestCaseExecutor.accessMainPhase(TestCaseExecutor.java:256)
	at com.kms.katalon.core.main.TestCaseExecutor.execute(TestCaseExecutor.java:200)
	at com.kms.katalon.core.main.TestSuiteExecutor.accessTestCaseMainPhase(TestSuiteExecutor.java:129)
	at com.kms.katalon.core.main.TestSuiteExecutor.accessTestSuiteMainPhase(TestSuiteExecutor.java:112)
	at com.kms.katalon.core.main.TestSuiteExecutor.execute(TestSuiteExecutor.java:81)
	at com.kms.katalon.core.main.TestCaseMain.startTestSuite(TestCaseMain.java:142)
	at com.kms.katalon.core.main.TestCaseMain$startTestSuite$0.call(Unknown Source)
	at org.codehaus.groovy.runtime.callsite.CallSiteArray.defaultCall(CallSiteArray.java:48)
	at org.codehaus.groovy.runtime.callsite.AbstractCallSite.call(AbstractCallSite.java:113)
	at org.codehaus.groovy.runtime.callsite.AbstractCallSite.call(AbstractCallSite.java:141)
	at TempTestSuite1542303769040.run(TempTestSuite1542303769040.groovy:36)
	at groovy.lang.GroovyShell.runScriptOrMainOrTestOrRunnable(GroovyShell.java:263)
	at groovy.lang.GroovyShell.run(GroovyShell.java:518)
	at groovy.lang.GroovyShell.run(GroovyShell.java:507)
	at groovy.ui.GroovyMain.processOnce(GroovyMain.java:653)
	at groovy.ui.GroovyMain.run(GroovyMain.java:384)
	at groovy.ui.GroovyMain.process(GroovyMain.java:370)
	at groovy.ui.GroovyMain.processArgs(GroovyMain.java:129)
	at groovy.ui.GroovyMain.main(GroovyMain.java:109)
	at sun.reflect.NativeMethodAccessorImpl.invoke0(Native Method)
	at sun.reflect.NativeMethodAccessorImpl.invoke(NativeMethodAccessorImpl.java:62)
	at sun.reflect.DelegatingMethodAccessorImpl.invoke(DelegatingMethodAccessorImpl.java:43)
	at java.lang.reflect.Method.invoke(Method.java:498)
	at org.codehaus.groovy.tools.GroovyStarter.rootLoader(GroovyStarter.java:109)
	at org.codehaus.groovy.tools.GroovyStarter.main(GroovyStarter.java:131)
)"/>
         <system-out><![CDATA[2018-11-15 10:45:09 - [TEST_CASE][FAILED] - Test Cases/terminalFuctionality: Test Cases/terminalFuctionality FAILED because (of) (Stack trace: com.kms.katalon.core.exception.StepFailedException: Failed to tap on element 'Object Repository/Application/Terminal/android.widget.Button3 - 4' (Root cause: Object Object Repository/Application/Terminal/android.widget.Button3 - 4 not found)
	at com.kms.katalon.core.keyword.internal.KeywordMain.stepFailed(KeywordMain.groovy:36)
	at com.kms.katalon.core.mobile.keyword.internal.MobileKeywordMain.stepFailed(MobileKeywordMain.groovy:40)
	at com.kms.katalon.core.mobile.keyword.internal.MobileKeywordMain.runKeyword(MobileKeywordMain.groovy:23)
	at com.kms.katalon.core.mobile.keyword.builtin.TapKeyword.tap(TapKeyword.groovy:83)
	at com.kms.katalon.core.mobile.keyword.builtin.TapKeyword.execute(TapKeyword.groovy:66)
	at com.kms.katalon.core.keyword.internal.KeywordExecutor.executeKeywordForPlatform(KeywordExecutor.groovy:53)
	at com.kms.katalon.core.mobile.keyword.MobileBuiltInKeywords.tap(MobileBuiltInKeywords.groovy:485)
	at com.kms.katalon.core.mobile.keyword.MobileBuiltInKeywords$tap$0.call(Unknown Source)
	at org.codehaus.groovy.runtime.callsite.CallSiteArray.defaultCall(CallSiteArray.java:48)
	at org.codehaus.groovy.runtime.callsite.AbstractCallSite.call(AbstractCallSite.java:113)
	at org.codehaus.groovy.runtime.callsite.AbstractCallSite.call(AbstractCallSite.java:133)
	at Script1530814111084.run(Script1530814111084.groovy:36)
	at com.kms.katalon.core.main.ScriptEngine.run(ScriptEngine.java:183)
	at com.kms.katalon.core.main.ScriptEngine.runScriptAsRawText(ScriptEngine.java:108)
	at com.kms.katalon.core.main.TestCaseExecutor.runScript(TestCaseExecutor.java:294)
	at com.kms.katalon.core.main.TestCaseExecutor.doExecute(TestCaseExecutor.java:285)
	at com.kms.katalon.core.main.TestCaseExecutor.processExecutionPhase(TestCaseExecutor.java:264)
	at com.kms.katalon.core.main.TestCaseExecutor.accessMainPhase(TestCaseExecutor.java:256)
	at com.kms.katalon.core.main.TestCaseExecutor.execute(TestCaseExecutor.java:200)
	at com.kms.katalon.core.main.TestSuiteExecutor.accessTestCaseMainPhase(TestSuiteExecutor.java:129)
	at com.kms.katalon.core.main.TestSuiteExecutor.accessTestSuiteMainPhase(TestSuiteExecutor.java:112)
	at com.kms.katalon.core.main.TestSuiteExecutor.execute(TestSuiteExecutor.java:81)
	at com.kms.katalon.core.main.TestCaseMain.startTestSuite(TestCaseMain.java:142)
	at com.kms.katalon.core.main.TestCaseMain$startTestSuite$0.call(Unknown Source)
	at org.codehaus.groovy.runtime.callsite.CallSiteArray.defaultCall(CallSiteArray.java:48)
	at org.codehaus.groovy.runtime.callsite.AbstractCallSite.call(AbstractCallSite.java:113)
	at org.codehaus.groovy.runtime.callsite.AbstractCallSite.call(AbstractCallSite.java:141)
	at TempTestSuite1542303769040.run(TempTestSuite1542303769040.groovy:36)
	at groovy.lang.GroovyShell.runScriptOrMainOrTestOrRunnable(GroovyShell.java:263)
	at groovy.lang.GroovyShell.run(GroovyShell.java:518)
	at groovy.lang.GroovyShell.run(GroovyShell.java:507)
	at groovy.ui.GroovyMain.processOnce(GroovyMain.java:653)
	at groovy.ui.GroovyMain.run(GroovyMain.java:384)
	at groovy.ui.GroovyMain.process(GroovyMain.java:370)
	at groovy.ui.GroovyMain.processArgs(GroovyMain.java:129)
	at groovy.ui.GroovyMain.main(GroovyMain.java:109)
	at sun.reflect.NativeMethodAccessorImpl.invoke0(Native Method)
	at sun.reflect.NativeMethodAccessorImpl.invoke(NativeMethodAccessorImpl.java:62)
	at sun.reflect.DelegatingMethodAccessorImpl.invoke(DelegatingMethodAccessorImpl.java:43)
	at java.lang.reflect.Method.invoke(Method.java:498)
	at org.codehaus.groovy.tools.GroovyStarter.rootLoader(GroovyStarter.java:109)
	at org.codehaus.groovy.tools.GroovyStarter.main(GroovyStarter.java:131)
)

2018-11-15 10:45:09 - [TEST_STEP][PASSED] - startApplication: Started app at: '/Users/connorreese/Downloads/Clip-3.4.0-208-prod-release.apk'

2018-11-15 10:45:52 - [MESSAGE][PASSED] - Started app at: '/Users/connorreese/Downloads/Clip-3.4.0-208-prod-release.apk'

2018-11-15 10:45:52 - [TEST_STEP][PASSED] - tap: Tapped on element 'Object Repository/Application/Login Selectors/login'

2018-11-15 10:45:52 - [MESSAGE][WARNING] - Timeout '0' is invalid. Using default page load timeout: '30'

2018-11-15 10:45:54 - [MESSAGE][PASSED] - Tapped on element 'Object Repository/Application/Login Selectors/login'

2018-11-15 10:45:54 - [TEST_STEP][PASSED] - tap: Tapped on element 'Object Repository/Application/Login Selectors/emailLogin'

2018-11-15 10:45:54 - [MESSAGE][WARNING] - Timeout '0' is invalid. Using default page load timeout: '30'

2018-11-15 10:45:57 - [MESSAGE][PASSED] - Tapped on element 'Object Repository/Application/Login Selectors/emailLogin'

2018-11-15 10:45:57 - [TEST_STEP][PASSED] - setText: Text 'connor.reese@payclip.com' has been set to element 'Object Repository/Application/Login Selectors/emailLoginInput'

2018-11-15 10:45:57 - [MESSAGE][WARNING] - Timeout '0' is invalid. Using default page load timeout: '30'

2018-11-15 10:45:58 - [MESSAGE][PASSED] - Text 'connor.reese@payclip.com' has been set to element 'Object Repository/Application/Login Selectors/emailLoginInput'

2018-11-15 10:45:58 - [TEST_STEP][PASSED] - tap: Tapped on element 'Object Repository/Application/Login Selectors/password'

2018-11-15 10:45:58 - [MESSAGE][WARNING] - Timeout '0' is invalid. Using default page load timeout: '30'

2018-11-15 10:46:00 - [MESSAGE][PASSED] - Tapped on element 'Object Repository/Application/Login Selectors/password'

2018-11-15 10:46:00 - [TEST_STEP][PASSED] - setText: Text 'P@ssw0rd' has been set to element 'Object Repository/Application/Login Selectors/passwordInput'

2018-11-15 10:46:00 - [MESSAGE][WARNING] - Timeout '0' is invalid. Using default page load timeout: '30'

2018-11-15 10:46:01 - [MESSAGE][PASSED] - Text 'P@ssw0rd' has been set to element 'Object Repository/Application/Login Selectors/passwordInput'

2018-11-15 10:46:01 - [TEST_STEP][PASSED] - tap: Tapped on element 'Object Repository/Application/Login Selectors/loginButton'

2018-11-15 10:46:01 - [MESSAGE][WARNING] - Timeout '0' is invalid. Using default page load timeout: '30'

2018-11-15 10:46:03 - [MESSAGE][PASSED] - Tapped on element 'Object Repository/Application/Login Selectors/loginButton'

2018-11-15 10:46:03 - [TEST_STEP][FAILED] - tap: Failed to tap on element 'Object Repository/Application/Terminal/android.widget.Button3 - 4' (Root cause: Object Object Repository/Application/Terminal/android.widget.Button3 - 4 not found)

2018-11-15 10:46:03 - [MESSAGE][WARNING] - Timeout '0' is invalid. Using default page load timeout: '30'

2018-11-15 10:46:33 - [MESSAGE][FAILED] - Object Object Repository/Application/Terminal/android.widget.Button3 - 4 not found
[[ATTACHMENT|/Users/connorreese/Katalon Studio/AndroidSmokeTest copy/Reports/TS_RegressionTest/20181115_104249/1542303993294.png]]

2018-11-15 10:46:34 - [MESSAGE][FAILED] - Failed to tap on element 'Object Repository/Application/Terminal/android.widget.Button3 - 4' (Root cause: Object Object Repository/Application/Terminal/android.widget.Button3 - 4 not found)
[[ATTACHMENT|/Users/connorreese/Katalon Studio/AndroidSmokeTest copy/Reports/TS_RegressionTest/20181115_104249/1542303993819.png]]]]></system-out>
         <system-err><![CDATA[2018-11-15 10:45:09 - [TEST_CASE][FAILED] - Test Cases/terminalFuctionality: Test Cases/terminalFuctionality FAILED because (of) (Stack trace: com.kms.katalon.core.exception.StepFailedException: Failed to tap on element 'Object Repository/Application/Terminal/android.widget.Button3 - 4' (Root cause: Object Object Repository/Application/Terminal/android.widget.Button3 - 4 not found)
	at com.kms.katalon.core.keyword.internal.KeywordMain.stepFailed(KeywordMain.groovy:36)
	at com.kms.katalon.core.mobile.keyword.internal.MobileKeywordMain.stepFailed(MobileKeywordMain.groovy:40)
	at com.kms.katalon.core.mobile.keyword.internal.MobileKeywordMain.runKeyword(MobileKeywordMain.groovy:23)
	at com.kms.katalon.core.mobile.keyword.builtin.TapKeyword.tap(TapKeyword.groovy:83)
	at com.kms.katalon.core.mobile.keyword.builtin.TapKeyword.execute(TapKeyword.groovy:66)
	at com.kms.katalon.core.keyword.internal.KeywordExecutor.executeKeywordForPlatform(KeywordExecutor.groovy:53)
	at com.kms.katalon.core.mobile.keyword.MobileBuiltInKeywords.tap(MobileBuiltInKeywords.groovy:485)
	at com.kms.katalon.core.mobile.keyword.MobileBuiltInKeywords$tap$0.call(Unknown Source)
	at org.codehaus.groovy.runtime.callsite.CallSiteArray.defaultCall(CallSiteArray.java:48)
	at org.codehaus.groovy.runtime.callsite.AbstractCallSite.call(AbstractCallSite.java:113)
	at org.codehaus.groovy.runtime.callsite.AbstractCallSite.call(AbstractCallSite.java:133)
	at Script1530814111084.run(Script1530814111084.groovy:36)
	at com.kms.katalon.core.main.ScriptEngine.run(ScriptEngine.java:183)
	at com.kms.katalon.core.main.ScriptEngine.runScriptAsRawText(ScriptEngine.java:108)
	at com.kms.katalon.core.main.TestCaseExecutor.runScript(TestCaseExecutor.java:294)
	at com.kms.katalon.core.main.TestCaseExecutor.doExecute(TestCaseExecutor.java:285)
	at com.kms.katalon.core.main.TestCaseExecutor.processExecutionPhase(TestCaseExecutor.java:264)
	at com.kms.katalon.core.main.TestCaseExecutor.accessMainPhase(TestCaseExecutor.java:256)
	at com.kms.katalon.core.main.TestCaseExecutor.execute(TestCaseExecutor.java:200)
	at com.kms.katalon.core.main.TestSuiteExecutor.accessTestCaseMainPhase(TestSuiteExecutor.java:129)
	at com.kms.katalon.core.main.TestSuiteExecutor.accessTestSuiteMainPhase(TestSuiteExecutor.java:112)
	at com.kms.katalon.core.main.TestSuiteExecutor.execute(TestSuiteExecutor.java:81)
	at com.kms.katalon.core.main.TestCaseMain.startTestSuite(TestCaseMain.java:142)
	at com.kms.katalon.core.main.TestCaseMain$startTestSuite$0.call(Unknown Source)
	at org.codehaus.groovy.runtime.callsite.CallSiteArray.defaultCall(CallSiteArray.java:48)
	at org.codehaus.groovy.runtime.callsite.AbstractCallSite.call(AbstractCallSite.java:113)
	at org.codehaus.groovy.runtime.callsite.AbstractCallSite.call(AbstractCallSite.java:141)
	at TempTestSuite1542303769040.run(TempTestSuite1542303769040.groovy:36)
	at groovy.lang.GroovyShell.runScriptOrMainOrTestOrRunnable(GroovyShell.java:263)
	at groovy.lang.GroovyShell.run(GroovyShell.java:518)
	at groovy.lang.GroovyShell.run(GroovyShell.java:507)
	at groovy.ui.GroovyMain.processOnce(GroovyMain.java:653)
	at groovy.ui.GroovyMain.run(GroovyMain.java:384)
	at groovy.ui.GroovyMain.process(GroovyMain.java:370)
	at groovy.ui.GroovyMain.processArgs(GroovyMain.java:129)
	at groovy.ui.GroovyMain.main(GroovyMain.java:109)
	at sun.reflect.NativeMethodAccessorImpl.invoke0(Native Method)
	at sun.reflect.NativeMethodAccessorImpl.invoke(NativeMethodAccessorImpl.java:62)
	at sun.reflect.DelegatingMethodAccessorImpl.invoke(DelegatingMethodAccessorImpl.java:43)
	at java.lang.reflect.Method.invoke(Method.java:498)
	at org.codehaus.groovy.tools.GroovyStarter.rootLoader(GroovyStarter.java:109)
	at org.codehaus.groovy.tools.GroovyStarter.main(GroovyStarter.java:131)
)]]></system-err>
      </testcase>
      <testcase name="Test Cases/settings" classname="Test Cases/settings" status="FAILED">
         <failure type="FAILED" message="(Stack trace: com.kms.katalon.core.exception.StepFailedException: Failed to tap on element 'Object Repository/Application/Settings/settingsButton' (Root cause: Object Object Repository/Application/Settings/settingsButton not found)
	at com.kms.katalon.core.keyword.internal.KeywordMain.stepFailed(KeywordMain.groovy:36)
	at com.kms.katalon.core.mobile.keyword.internal.MobileKeywordMain.stepFailed(MobileKeywordMain.groovy:40)
	at com.kms.katalon.core.mobile.keyword.internal.MobileKeywordMain.runKeyword(MobileKeywordMain.groovy:23)
	at com.kms.katalon.core.mobile.keyword.builtin.TapKeyword.tap(TapKeyword.groovy:83)
	at com.kms.katalon.core.mobile.keyword.builtin.TapKeyword.execute(TapKeyword.groovy:66)
	at com.kms.katalon.core.keyword.internal.KeywordExecutor.executeKeywordForPlatform(KeywordExecutor.groovy:53)
	at com.kms.katalon.core.mobile.keyword.MobileBuiltInKeywords.tap(MobileBuiltInKeywords.groovy:485)
	at com.kms.katalon.core.mobile.keyword.MobileBuiltInKeywords$tap$0.call(Unknown Source)
	at org.codehaus.groovy.runtime.callsite.CallSiteArray.defaultCall(CallSiteArray.java:48)
	at org.codehaus.groovy.runtime.callsite.AbstractCallSite.call(AbstractCallSite.java:113)
	at org.codehaus.groovy.runtime.callsite.AbstractCallSite.call(AbstractCallSite.java:133)
	at Script1530822485413.run(Script1530822485413.groovy:36)
	at com.kms.katalon.core.main.ScriptEngine.run(ScriptEngine.java:183)
	at com.kms.katalon.core.main.ScriptEngine.runScriptAsRawText(ScriptEngine.java:108)
	at com.kms.katalon.core.main.TestCaseExecutor.runScript(TestCaseExecutor.java:294)
	at com.kms.katalon.core.main.TestCaseExecutor.doExecute(TestCaseExecutor.java:285)
	at com.kms.katalon.core.main.TestCaseExecutor.processExecutionPhase(TestCaseExecutor.java:264)
	at com.kms.katalon.core.main.TestCaseExecutor.accessMainPhase(TestCaseExecutor.java:256)
	at com.kms.katalon.core.main.TestCaseExecutor.execute(TestCaseExecutor.java:200)
	at com.kms.katalon.core.main.TestSuiteExecutor.accessTestCaseMainPhase(TestSuiteExecutor.java:129)
	at com.kms.katalon.core.main.TestSuiteExecutor.accessTestSuiteMainPhase(TestSuiteExecutor.java:112)
	at com.kms.katalon.core.main.TestSuiteExecutor.execute(TestSuiteExecutor.java:81)
	at com.kms.katalon.core.main.TestCaseMain.startTestSuite(TestCaseMain.java:142)
	at com.kms.katalon.core.main.TestCaseMain$startTestSuite$0.call(Unknown Source)
	at org.codehaus.groovy.runtime.callsite.CallSiteArray.defaultCall(CallSiteArray.java:48)
	at org.codehaus.groovy.runtime.callsite.AbstractCallSite.call(AbstractCallSite.java:113)
	at org.codehaus.groovy.runtime.callsite.AbstractCallSite.call(AbstractCallSite.java:141)
	at TempTestSuite1542303769040.run(TempTestSuite1542303769040.groovy:36)
	at groovy.lang.GroovyShell.runScriptOrMainOrTestOrRunnable(GroovyShell.java:263)
	at groovy.lang.GroovyShell.run(GroovyShell.java:518)
	at groovy.lang.GroovyShell.run(GroovyShell.java:507)
	at groovy.ui.GroovyMain.processOnce(GroovyMain.java:653)
	at groovy.ui.GroovyMain.run(GroovyMain.java:384)
	at groovy.ui.GroovyMain.process(GroovyMain.java:370)
	at groovy.ui.GroovyMain.processArgs(GroovyMain.java:129)
	at groovy.ui.GroovyMain.main(GroovyMain.java:109)
	at sun.reflect.NativeMethodAccessorImpl.invoke0(Native Method)
	at sun.reflect.NativeMethodAccessorImpl.invoke(NativeMethodAccessorImpl.java:62)
	at sun.reflect.DelegatingMethodAccessorImpl.invoke(DelegatingMethodAccessorImpl.java:43)
	at java.lang.reflect.Method.invoke(Method.java:498)
	at org.codehaus.groovy.tools.GroovyStarter.rootLoader(GroovyStarter.java:109)
	at org.codehaus.groovy.tools.GroovyStarter.main(GroovyStarter.java:131)
)"/>
         <system-out><![CDATA[2018-11-15 10:46:34 - [TEST_CASE][FAILED] - Test Cases/settings: Test Cases/settings FAILED because (of) (Stack trace: com.kms.katalon.core.exception.StepFailedException: Failed to tap on element 'Object Repository/Application/Settings/settingsButton' (Root cause: Object Object Repository/Application/Settings/settingsButton not found)
	at com.kms.katalon.core.keyword.internal.KeywordMain.stepFailed(KeywordMain.groovy:36)
	at com.kms.katalon.core.mobile.keyword.internal.MobileKeywordMain.stepFailed(MobileKeywordMain.groovy:40)
	at com.kms.katalon.core.mobile.keyword.internal.MobileKeywordMain.runKeyword(MobileKeywordMain.groovy:23)
	at com.kms.katalon.core.mobile.keyword.builtin.TapKeyword.tap(TapKeyword.groovy:83)
	at com.kms.katalon.core.mobile.keyword.builtin.TapKeyword.execute(TapKeyword.groovy:66)
	at com.kms.katalon.core.keyword.internal.KeywordExecutor.executeKeywordForPlatform(KeywordExecutor.groovy:53)
	at com.kms.katalon.core.mobile.keyword.MobileBuiltInKeywords.tap(MobileBuiltInKeywords.groovy:485)
	at com.kms.katalon.core.mobile.keyword.MobileBuiltInKeywords$tap$0.call(Unknown Source)
	at org.codehaus.groovy.runtime.callsite.CallSiteArray.defaultCall(CallSiteArray.java:48)
	at org.codehaus.groovy.runtime.callsite.AbstractCallSite.call(AbstractCallSite.java:113)
	at org.codehaus.groovy.runtime.callsite.AbstractCallSite.call(AbstractCallSite.java:133)
	at Script1530822485413.run(Script1530822485413.groovy:36)
	at com.kms.katalon.core.main.ScriptEngine.run(ScriptEngine.java:183)
	at com.kms.katalon.core.main.ScriptEngine.runScriptAsRawText(ScriptEngine.java:108)
	at com.kms.katalon.core.main.TestCaseExecutor.runScript(TestCaseExecutor.java:294)
	at com.kms.katalon.core.main.TestCaseExecutor.doExecute(TestCaseExecutor.java:285)
	at com.kms.katalon.core.main.TestCaseExecutor.processExecutionPhase(TestCaseExecutor.java:264)
	at com.kms.katalon.core.main.TestCaseExecutor.accessMainPhase(TestCaseExecutor.java:256)
	at com.kms.katalon.core.main.TestCaseExecutor.execute(TestCaseExecutor.java:200)
	at com.kms.katalon.core.main.TestSuiteExecutor.accessTestCaseMainPhase(TestSuiteExecutor.java:129)
	at com.kms.katalon.core.main.TestSuiteExecutor.accessTestSuiteMainPhase(TestSuiteExecutor.java:112)
	at com.kms.katalon.core.main.TestSuiteExecutor.execute(TestSuiteExecutor.java:81)
	at com.kms.katalon.core.main.TestCaseMain.startTestSuite(TestCaseMain.java:142)
	at com.kms.katalon.core.main.TestCaseMain$startTestSuite$0.call(Unknown Source)
	at org.codehaus.groovy.runtime.callsite.CallSiteArray.defaultCall(CallSiteArray.java:48)
	at org.codehaus.groovy.runtime.callsite.AbstractCallSite.call(AbstractCallSite.java:113)
	at org.codehaus.groovy.runtime.callsite.AbstractCallSite.call(AbstractCallSite.java:141)
	at TempTestSuite1542303769040.run(TempTestSuite1542303769040.groovy:36)
	at groovy.lang.GroovyShell.runScriptOrMainOrTestOrRunnable(GroovyShell.java:263)
	at groovy.lang.GroovyShell.run(GroovyShell.java:518)
	at groovy.lang.GroovyShell.run(GroovyShell.java:507)
	at groovy.ui.GroovyMain.processOnce(GroovyMain.java:653)
	at groovy.ui.GroovyMain.run(GroovyMain.java:384)
	at groovy.ui.GroovyMain.process(GroovyMain.java:370)
	at groovy.ui.GroovyMain.processArgs(GroovyMain.java:129)
	at groovy.ui.GroovyMain.main(GroovyMain.java:109)
	at sun.reflect.NativeMethodAccessorImpl.invoke0(Native Method)
	at sun.reflect.NativeMethodAccessorImpl.invoke(NativeMethodAccessorImpl.java:62)
	at sun.reflect.DelegatingMethodAccessorImpl.invoke(DelegatingMethodAccessorImpl.java:43)
	at java.lang.reflect.Method.invoke(Method.java:498)
	at org.codehaus.groovy.tools.GroovyStarter.rootLoader(GroovyStarter.java:109)
	at org.codehaus.groovy.tools.GroovyStarter.main(GroovyStarter.java:131)
)

2018-11-15 10:46:34 - [TEST_STEP][PASSED] - startApplication: Started app at: '/Users/connorreese/Downloads/Clip-3.4.0-208-prod-release.apk'

2018-11-15 10:47:20 - [MESSAGE][PASSED] - Started app at: '/Users/connorreese/Downloads/Clip-3.4.0-208-prod-release.apk'

2018-11-15 10:47:20 - [TEST_STEP][PASSED] - tap: Tapped on element 'Object Repository/Application/Login Selectors/login'

2018-11-15 10:47:20 - [MESSAGE][WARNING] - Timeout '0' is invalid. Using default page load timeout: '30'

2018-11-15 10:47:23 - [MESSAGE][PASSED] - Tapped on element 'Object Repository/Application/Login Selectors/login'

2018-11-15 10:47:23 - [TEST_STEP][PASSED] - tap: Tapped on element 'Object Repository/Application/Login Selectors/emailLogin'

2018-11-15 10:47:23 - [MESSAGE][WARNING] - Timeout '0' is invalid. Using default page load timeout: '30'

2018-11-15 10:47:25 - [MESSAGE][PASSED] - Tapped on element 'Object Repository/Application/Login Selectors/emailLogin'

2018-11-15 10:47:25 - [TEST_STEP][PASSED] - setText: Text 'connor.reese@payclip.com' has been set to element 'Object Repository/Application/Login Selectors/emailLoginInput'

2018-11-15 10:47:25 - [MESSAGE][WARNING] - Timeout '0' is invalid. Using default page load timeout: '30'

2018-11-15 10:47:26 - [MESSAGE][PASSED] - Text 'connor.reese@payclip.com' has been set to element 'Object Repository/Application/Login Selectors/emailLoginInput'

2018-11-15 10:47:26 - [TEST_STEP][PASSED] - tap: Tapped on element 'Object Repository/Application/Login Selectors/password'

2018-11-15 10:47:26 - [MESSAGE][WARNING] - Timeout '0' is invalid. Using default page load timeout: '30'

2018-11-15 10:47:28 - [MESSAGE][PASSED] - Tapped on element 'Object Repository/Application/Login Selectors/password'

2018-11-15 10:47:28 - [TEST_STEP][PASSED] - setText: Text 'P@ssw0rd' has been set to element 'Object Repository/Application/Login Selectors/passwordInput'

2018-11-15 10:47:28 - [MESSAGE][WARNING] - Timeout '0' is invalid. Using default page load timeout: '30'

2018-11-15 10:47:29 - [MESSAGE][PASSED] - Text 'P@ssw0rd' has been set to element 'Object Repository/Application/Login Selectors/passwordInput'

2018-11-15 10:47:29 - [TEST_STEP][PASSED] - tap: Tapped on element 'Object Repository/Application/Login Selectors/loginButton'

2018-11-15 10:47:29 - [MESSAGE][WARNING] - Timeout '0' is invalid. Using default page load timeout: '30'

2018-11-15 10:47:31 - [MESSAGE][PASSED] - Tapped on element 'Object Repository/Application/Login Selectors/loginButton'

2018-11-15 10:47:31 - [TEST_STEP][FAILED] - tap: Failed to tap on element 'Object Repository/Application/Settings/settingsButton' (Root cause: Object Object Repository/Application/Settings/settingsButton not found)

2018-11-15 10:47:31 - [MESSAGE][WARNING] - Timeout '0' is invalid. Using default page load timeout: '30'

2018-11-15 10:48:02 - [MESSAGE][FAILED] - Object Object Repository/Application/Settings/settingsButton not found
[[ATTACHMENT|/Users/connorreese/Katalon Studio/AndroidSmokeTest copy/Reports/TS_RegressionTest/20181115_104249/1542304081532.png]]

2018-11-15 10:48:02 - [MESSAGE][FAILED] - Failed to tap on element 'Object Repository/Application/Settings/settingsButton' (Root cause: Object Object Repository/Application/Settings/settingsButton not found)
[[ATTACHMENT|/Users/connorreese/Katalon Studio/AndroidSmokeTest copy/Reports/TS_RegressionTest/20181115_104249/1542304082050.png]]]]></system-out>
         <system-err><![CDATA[2018-11-15 10:46:34 - [TEST_CASE][FAILED] - Test Cases/settings: Test Cases/settings FAILED because (of) (Stack trace: com.kms.katalon.core.exception.StepFailedException: Failed to tap on element 'Object Repository/Application/Settings/settingsButton' (Root cause: Object Object Repository/Application/Settings/settingsButton not found)
	at com.kms.katalon.core.keyword.internal.KeywordMain.stepFailed(KeywordMain.groovy:36)
	at com.kms.katalon.core.mobile.keyword.internal.MobileKeywordMain.stepFailed(MobileKeywordMain.groovy:40)
	at com.kms.katalon.core.mobile.keyword.internal.MobileKeywordMain.runKeyword(MobileKeywordMain.groovy:23)
	at com.kms.katalon.core.mobile.keyword.builtin.TapKeyword.tap(TapKeyword.groovy:83)
	at com.kms.katalon.core.mobile.keyword.builtin.TapKeyword.execute(TapKeyword.groovy:66)
	at com.kms.katalon.core.keyword.internal.KeywordExecutor.executeKeywordForPlatform(KeywordExecutor.groovy:53)
	at com.kms.katalon.core.mobile.keyword.MobileBuiltInKeywords.tap(MobileBuiltInKeywords.groovy:485)
	at com.kms.katalon.core.mobile.keyword.MobileBuiltInKeywords$tap$0.call(Unknown Source)
	at org.codehaus.groovy.runtime.callsite.CallSiteArray.defaultCall(CallSiteArray.java:48)
	at org.codehaus.groovy.runtime.callsite.AbstractCallSite.call(AbstractCallSite.java:113)
	at org.codehaus.groovy.runtime.callsite.AbstractCallSite.call(AbstractCallSite.java:133)
	at Script1530822485413.run(Script1530822485413.groovy:36)
	at com.kms.katalon.core.main.ScriptEngine.run(ScriptEngine.java:183)
	at com.kms.katalon.core.main.ScriptEngine.runScriptAsRawText(ScriptEngine.java:108)
	at com.kms.katalon.core.main.TestCaseExecutor.runScript(TestCaseExecutor.java:294)
	at com.kms.katalon.core.main.TestCaseExecutor.doExecute(TestCaseExecutor.java:285)
	at com.kms.katalon.core.main.TestCaseExecutor.processExecutionPhase(TestCaseExecutor.java:264)
	at com.kms.katalon.core.main.TestCaseExecutor.accessMainPhase(TestCaseExecutor.java:256)
	at com.kms.katalon.core.main.TestCaseExecutor.execute(TestCaseExecutor.java:200)
	at com.kms.katalon.core.main.TestSuiteExecutor.accessTestCaseMainPhase(TestSuiteExecutor.java:129)
	at com.kms.katalon.core.main.TestSuiteExecutor.accessTestSuiteMainPhase(TestSuiteExecutor.java:112)
	at com.kms.katalon.core.main.TestSuiteExecutor.execute(TestSuiteExecutor.java:81)
	at com.kms.katalon.core.main.TestCaseMain.startTestSuite(TestCaseMain.java:142)
	at com.kms.katalon.core.main.TestCaseMain$startTestSuite$0.call(Unknown Source)
	at org.codehaus.groovy.runtime.callsite.CallSiteArray.defaultCall(CallSiteArray.java:48)
	at org.codehaus.groovy.runtime.callsite.AbstractCallSite.call(AbstractCallSite.java:113)
	at org.codehaus.groovy.runtime.callsite.AbstractCallSite.call(AbstractCallSite.java:141)
	at TempTestSuite1542303769040.run(TempTestSuite1542303769040.groovy:36)
	at groovy.lang.GroovyShell.runScriptOrMainOrTestOrRunnable(GroovyShell.java:263)
	at groovy.lang.GroovyShell.run(GroovyShell.java:518)
	at groovy.lang.GroovyShell.run(GroovyShell.java:507)
	at groovy.ui.GroovyMain.processOnce(GroovyMain.java:653)
	at groovy.ui.GroovyMain.run(GroovyMain.java:384)
	at groovy.ui.GroovyMain.process(GroovyMain.java:370)
	at groovy.ui.GroovyMain.processArgs(GroovyMain.java:129)
	at groovy.ui.GroovyMain.main(GroovyMain.java:109)
	at sun.reflect.NativeMethodAccessorImpl.invoke0(Native Method)
	at sun.reflect.NativeMethodAccessorImpl.invoke(NativeMethodAccessorImpl.java:62)
	at sun.reflect.DelegatingMethodAccessorImpl.invoke(DelegatingMethodAccessorImpl.java:43)
	at java.lang.reflect.Method.invoke(Method.java:498)
	at org.codehaus.groovy.tools.GroovyStarter.rootLoader(GroovyStarter.java:109)
	at org.codehaus.groovy.tools.GroovyStarter.main(GroovyStarter.java:131)
)]]></system-err>
      </testcase>
      <testcase name="Test Cases/myAccountSettings" classname="Test Cases/myAccountSettings" status="FAILED">
         <failure type="FAILED" message="(Stack trace: com.kms.katalon.core.exception.StepFailedException: Failed to tap on element 'Object Repository/Application/Settings/My Account Settings/Installments/Number of Months dropdown' (Root cause: Object Object Repository/Application/Settings/My Account Settings/Installments/Number of Months dropdown not found)
	at com.kms.katalon.core.keyword.internal.KeywordMain.stepFailed(KeywordMain.groovy:36)
	at com.kms.katalon.core.mobile.keyword.internal.MobileKeywordMain.stepFailed(MobileKeywordMain.groovy:40)
	at com.kms.katalon.core.mobile.keyword.internal.MobileKeywordMain.runKeyword(MobileKeywordMain.groovy:23)
	at com.kms.katalon.core.mobile.keyword.builtin.TapKeyword.tap(TapKeyword.groovy:83)
	at com.kms.katalon.core.mobile.keyword.builtin.TapKeyword.execute(TapKeyword.groovy:66)
	at com.kms.katalon.core.keyword.internal.KeywordExecutor.executeKeywordForPlatform(KeywordExecutor.groovy:53)
	at com.kms.katalon.core.mobile.keyword.MobileBuiltInKeywords.tap(MobileBuiltInKeywords.groovy:485)
	at com.kms.katalon.core.mobile.keyword.MobileBuiltInKeywords$tap$0.call(Unknown Source)
	at org.codehaus.groovy.runtime.callsite.CallSiteArray.defaultCall(CallSiteArray.java:48)
	at org.codehaus.groovy.runtime.callsite.AbstractCallSite.call(AbstractCallSite.java:113)
	at org.codehaus.groovy.runtime.callsite.AbstractCallSite.call(AbstractCallSite.java:133)
	at Script1533655900513.run(Script1533655900513.groovy:140)
	at com.kms.katalon.core.main.ScriptEngine.run(ScriptEngine.java:183)
	at com.kms.katalon.core.main.ScriptEngine.runScriptAsRawText(ScriptEngine.java:108)
	at com.kms.katalon.core.main.TestCaseExecutor.runScript(TestCaseExecutor.java:294)
	at com.kms.katalon.core.main.TestCaseExecutor.doExecute(TestCaseExecutor.java:285)
	at com.kms.katalon.core.main.TestCaseExecutor.processExecutionPhase(TestCaseExecutor.java:264)
	at com.kms.katalon.core.main.TestCaseExecutor.accessMainPhase(TestCaseExecutor.java:256)
	at com.kms.katalon.core.main.TestCaseExecutor.execute(TestCaseExecutor.java:200)
	at com.kms.katalon.core.main.TestSuiteExecutor.accessTestCaseMainPhase(TestSuiteExecutor.java:129)
	at com.kms.katalon.core.main.TestSuiteExecutor.accessTestSuiteMainPhase(TestSuiteExecutor.java:112)
	at com.kms.katalon.core.main.TestSuiteExecutor.execute(TestSuiteExecutor.java:81)
	at com.kms.katalon.core.main.TestCaseMain.startTestSuite(TestCaseMain.java:142)
	at com.kms.katalon.core.main.TestCaseMain$startTestSuite$0.call(Unknown Source)
	at org.codehaus.groovy.runtime.callsite.CallSiteArray.defaultCall(CallSiteArray.java:48)
	at org.codehaus.groovy.runtime.callsite.AbstractCallSite.call(AbstractCallSite.java:113)
	at org.codehaus.groovy.runtime.callsite.AbstractCallSite.call(AbstractCallSite.java:141)
	at TempTestSuite1542303769040.run(TempTestSuite1542303769040.groovy:36)
	at groovy.lang.GroovyShell.runScriptOrMainOrTestOrRunnable(GroovyShell.java:263)
	at groovy.lang.GroovyShell.run(GroovyShell.java:518)
	at groovy.lang.GroovyShell.run(GroovyShell.java:507)
	at groovy.ui.GroovyMain.processOnce(GroovyMain.java:653)
	at groovy.ui.GroovyMain.run(GroovyMain.java:384)
	at groovy.ui.GroovyMain.process(GroovyMain.java:370)
	at groovy.ui.GroovyMain.processArgs(GroovyMain.java:129)
	at groovy.ui.GroovyMain.main(GroovyMain.java:109)
	at sun.reflect.NativeMethodAccessorImpl.invoke0(Native Method)
	at sun.reflect.NativeMethodAccessorImpl.invoke(NativeMethodAccessorImpl.java:62)
	at sun.reflect.DelegatingMethodAccessorImpl.invoke(DelegatingMethodAccessorImpl.java:43)
	at java.lang.reflect.Method.invoke(Method.java:498)
	at org.codehaus.groovy.tools.GroovyStarter.rootLoader(GroovyStarter.java:109)
	at org.codehaus.groovy.tools.GroovyStarter.main(GroovyStarter.java:131)
)"/>
         <system-out><![CDATA[2018-11-15 10:48:02 - [TEST_CASE][FAILED] - Test Cases/myAccountSettings: Test Cases/myAccountSettings FAILED because (of) (Stack trace: com.kms.katalon.core.exception.StepFailedException: Failed to tap on element 'Object Repository/Application/Settings/My Account Settings/Installments/Number of Months dropdown' (Root cause: Object Object Repository/Application/Settings/My Account Settings/Installments/Number of Months dropdown not found)
	at com.kms.katalon.core.keyword.internal.KeywordMain.stepFailed(KeywordMain.groovy:36)
	at com.kms.katalon.core.mobile.keyword.internal.MobileKeywordMain.stepFailed(MobileKeywordMain.groovy:40)
	at com.kms.katalon.core.mobile.keyword.internal.MobileKeywordMain.runKeyword(MobileKeywordMain.groovy:23)
	at com.kms.katalon.core.mobile.keyword.builtin.TapKeyword.tap(TapKeyword.groovy:83)
	at com.kms.katalon.core.mobile.keyword.builtin.TapKeyword.execute(TapKeyword.groovy:66)
	at com.kms.katalon.core.keyword.internal.KeywordExecutor.executeKeywordForPlatform(KeywordExecutor.groovy:53)
	at com.kms.katalon.core.mobile.keyword.MobileBuiltInKeywords.tap(MobileBuiltInKeywords.groovy:485)
	at com.kms.katalon.core.mobile.keyword.MobileBuiltInKeywords$tap$0.call(Unknown Source)
	at org.codehaus.groovy.runtime.callsite.CallSiteArray.defaultCall(CallSiteArray.java:48)
	at org.codehaus.groovy.runtime.callsite.AbstractCallSite.call(AbstractCallSite.java:113)
	at org.codehaus.groovy.runtime.callsite.AbstractCallSite.call(AbstractCallSite.java:133)
	at Script1533655900513.run(Script1533655900513.groovy:140)
	at com.kms.katalon.core.main.ScriptEngine.run(ScriptEngine.java:183)
	at com.kms.katalon.core.main.ScriptEngine.runScriptAsRawText(ScriptEngine.java:108)
	at com.kms.katalon.core.main.TestCaseExecutor.runScript(TestCaseExecutor.java:294)
	at com.kms.katalon.core.main.TestCaseExecutor.doExecute(TestCaseExecutor.java:285)
	at com.kms.katalon.core.main.TestCaseExecutor.processExecutionPhase(TestCaseExecutor.java:264)
	at com.kms.katalon.core.main.TestCaseExecutor.accessMainPhase(TestCaseExecutor.java:256)
	at com.kms.katalon.core.main.TestCaseExecutor.execute(TestCaseExecutor.java:200)
	at com.kms.katalon.core.main.TestSuiteExecutor.accessTestCaseMainPhase(TestSuiteExecutor.java:129)
	at com.kms.katalon.core.main.TestSuiteExecutor.accessTestSuiteMainPhase(TestSuiteExecutor.java:112)
	at com.kms.katalon.core.main.TestSuiteExecutor.execute(TestSuiteExecutor.java:81)
	at com.kms.katalon.core.main.TestCaseMain.startTestSuite(TestCaseMain.java:142)
	at com.kms.katalon.core.main.TestCaseMain$startTestSuite$0.call(Unknown Source)
	at org.codehaus.groovy.runtime.callsite.CallSiteArray.defaultCall(CallSiteArray.java:48)
	at org.codehaus.groovy.runtime.callsite.AbstractCallSite.call(AbstractCallSite.java:113)
	at org.codehaus.groovy.runtime.callsite.AbstractCallSite.call(AbstractCallSite.java:141)
	at TempTestSuite1542303769040.run(TempTestSuite1542303769040.groovy:36)
	at groovy.lang.GroovyShell.runScriptOrMainOrTestOrRunnable(GroovyShell.java:263)
	at groovy.lang.GroovyShell.run(GroovyShell.java:518)
	at groovy.lang.GroovyShell.run(GroovyShell.java:507)
	at groovy.ui.GroovyMain.processOnce(GroovyMain.java:653)
	at groovy.ui.GroovyMain.run(GroovyMain.java:384)
	at groovy.ui.GroovyMain.process(GroovyMain.java:370)
	at groovy.ui.GroovyMain.processArgs(GroovyMain.java:129)
	at groovy.ui.GroovyMain.main(GroovyMain.java:109)
	at sun.reflect.NativeMethodAccessorImpl.invoke0(Native Method)
	at sun.reflect.NativeMethodAccessorImpl.invoke(NativeMethodAccessorImpl.java:62)
	at sun.reflect.DelegatingMethodAccessorImpl.invoke(DelegatingMethodAccessorImpl.java:43)
	at java.lang.reflect.Method.invoke(Method.java:498)
	at org.codehaus.groovy.tools.GroovyStarter.rootLoader(GroovyStarter.java:109)
	at org.codehaus.groovy.tools.GroovyStarter.main(GroovyStarter.java:131)
)

2018-11-15 10:48:02 - [TEST_STEP][PASSED] - startApplication: Started app at: '/Users/connorreese/Downloads/Clip-3.4.0-208-prod-release.apk'

2018-11-15 10:48:47 - [MESSAGE][PASSED] - Started app at: '/Users/connorreese/Downloads/Clip-3.4.0-208-prod-release.apk'

2018-11-15 10:48:47 - [TEST_STEP][PASSED] - tap: Tapped on element 'Object Repository/Application/Login Selectors/login'

2018-11-15 10:48:47 - [MESSAGE][WARNING] - Timeout '0' is invalid. Using default page load timeout: '30'

2018-11-15 10:48:49 - [MESSAGE][PASSED] - Tapped on element 'Object Repository/Application/Login Selectors/login'

2018-11-15 10:48:49 - [TEST_STEP][PASSED] - tap: Tapped on element 'Object Repository/Application/Login Selectors/emailLogin'

2018-11-15 10:48:49 - [MESSAGE][WARNING] - Timeout '0' is invalid. Using default page load timeout: '30'

2018-11-15 10:48:51 - [MESSAGE][PASSED] - Tapped on element 'Object Repository/Application/Login Selectors/emailLogin'

2018-11-15 10:48:51 - [TEST_STEP][PASSED] - setText: Text 'connor.reese@payclip.com' has been set to element 'Object Repository/Application/Login Selectors/emailLoginInput'

2018-11-15 10:48:51 - [MESSAGE][WARNING] - Timeout '0' is invalid. Using default page load timeout: '30'

2018-11-15 10:48:53 - [MESSAGE][PASSED] - Text 'connor.reese@payclip.com' has been set to element 'Object Repository/Application/Login Selectors/emailLoginInput'

2018-11-15 10:48:53 - [TEST_STEP][PASSED] - tap: Tapped on element 'Object Repository/Application/Login Selectors/password'

2018-11-15 10:48:53 - [MESSAGE][WARNING] - Timeout '0' is invalid. Using default page load timeout: '30'

2018-11-15 10:48:55 - [MESSAGE][PASSED] - Tapped on element 'Object Repository/Application/Login Selectors/password'

2018-11-15 10:48:55 - [TEST_STEP][PASSED] - setText: Text 'P@ssw0rd' has been set to element 'Object Repository/Application/Login Selectors/passwordInput'

2018-11-15 10:48:55 - [MESSAGE][WARNING] - Timeout '0' is invalid. Using default page load timeout: '30'

2018-11-15 10:48:56 - [MESSAGE][PASSED] - Text 'P@ssw0rd' has been set to element 'Object Repository/Application/Login Selectors/passwordInput'

2018-11-15 10:48:56 - [TEST_STEP][PASSED] - hideKeyboard: Keyboard is hidden

2018-11-15 10:48:58 - [MESSAGE][PASSED] - Keyboard is hidden

2018-11-15 10:48:58 - [TEST_STEP][PASSED] - tap: Tapped on element 'Object Repository/Application/Login Selectors/loginButton'

2018-11-15 10:48:58 - [MESSAGE][WARNING] - Timeout '0' is invalid. Using default page load timeout: '30'

2018-11-15 10:49:01 - [MESSAGE][PASSED] - Tapped on element 'Object Repository/Application/Login Selectors/loginButton'

2018-11-15 10:49:01 - [TEST_STEP][PASSED] - tap: Tapped on element 'Object Repository/Application/Settings/settingsButton'

2018-11-15 10:49:01 - [MESSAGE][WARNING] - Timeout '0' is invalid. Using default page load timeout: '30'

2018-11-15 10:49:02 - [MESSAGE][PASSED] - Tapped on element 'Object Repository/Application/Settings/settingsButton'

2018-11-15 10:49:02 - [TEST_STEP][PASSED] - tap: Tapped on element 'Object Repository/Application/Settings/My Account Settings/myAccountSettingsButton'

2018-11-15 10:49:02 - [MESSAGE][WARNING] - Timeout '0' is invalid. Using default page load timeout: '30'

2018-11-15 10:49:03 - [MESSAGE][PASSED] - Tapped on element 'Object Repository/Application/Settings/My Account Settings/myAccountSettingsButton'

2018-11-15 10:49:03 - [TEST_STEP][PASSED] - comment: Personal Info

2018-11-15 10:49:03 - [TEST_STEP][PASSED] - tap: Tapped on element 'Object Repository/Application/Settings/My Account Settings/Personal Info/personalInfoButton'

2018-11-15 10:49:03 - [MESSAGE][WARNING] - Timeout '0' is invalid. Using default page load timeout: '30'

2018-11-15 10:49:05 - [MESSAGE][PASSED] - Tapped on element 'Object Repository/Application/Settings/My Account Settings/Personal Info/personalInfoButton'

2018-11-15 10:49:05 - [TEST_STEP][PASSED] - tap: Tapped on element 'Object Repository/Application/Settings/My Account Settings/Personal Info/First Name Field'

2018-11-15 10:49:05 - [MESSAGE][WARNING] - Timeout '0' is invalid. Using default page load timeout: '30'

2018-11-15 10:49:06 - [MESSAGE][PASSED] - Tapped on element 'Object Repository/Application/Settings/My Account Settings/Personal Info/First Name Field'

2018-11-15 10:49:06 - [TEST_STEP][PASSED] - clearText: Element 'Object Repository/Application/Settings/My Account Settings/Personal Info/PI First Name Field' text is cleared

2018-11-15 10:49:06 - [MESSAGE][WARNING] - Timeout '0' is invalid. Using default page load timeout: '30'

2018-11-15 10:49:07 - [MESSAGE][PASSED] - Element 'Object Repository/Application/Settings/My Account Settings/Personal Info/PI First Name Field' text is cleared

2018-11-15 10:49:07 - [TEST_STEP][PASSED] - setText: Text 'Connor' has been set to element 'Object Repository/Application/Settings/My Account Settings/Personal Info/PI First Name Input'

2018-11-15 10:49:07 - [MESSAGE][WARNING] - Timeout '0' is invalid. Using default page load timeout: '30'

2018-11-15 10:49:09 - [MESSAGE][PASSED] - Text 'Connor' has been set to element 'Object Repository/Application/Settings/My Account Settings/Personal Info/PI First Name Input'

2018-11-15 10:49:09 - [TEST_STEP][PASSED] - tap: Tapped on element 'Object Repository/Application/Settings/My Account Settings/Personal Info/Paternal Name Field'

2018-11-15 10:49:09 - [MESSAGE][WARNING] - Timeout '0' is invalid. Using default page load timeout: '30'

2018-11-15 10:49:12 - [MESSAGE][PASSED] - Tapped on element 'Object Repository/Application/Settings/My Account Settings/Personal Info/Paternal Name Field'

2018-11-15 10:49:12 - [TEST_STEP][PASSED] - clearText: Element 'Object Repository/Application/Settings/My Account Settings/Personal Info/PI Paternal Name Field' text is cleared

2018-11-15 10:49:12 - [MESSAGE][WARNING] - Timeout '0' is invalid. Using default page load timeout: '30'

2018-11-15 10:49:12 - [MESSAGE][PASSED] - Element 'Object Repository/Application/Settings/My Account Settings/Personal Info/PI Paternal Name Field' text is cleared

2018-11-15 10:49:12 - [TEST_STEP][PASSED] - setText: Text 'Ree' has been set to element 'Object Repository/Application/Settings/My Account Settings/Personal Info/PI Paternal Name Input'

2018-11-15 10:49:12 - [MESSAGE][WARNING] - Timeout '0' is invalid. Using default page load timeout: '30'

2018-11-15 10:49:15 - [MESSAGE][PASSED] - Text 'Ree' has been set to element 'Object Repository/Application/Settings/My Account Settings/Personal Info/PI Paternal Name Input'

2018-11-15 10:49:15 - [TEST_STEP][PASSED] - verifyElementExist: Element 'Object Repository/Application/Settings/My Account Settings/Personal Info/maternalNameField' is exist

2018-11-15 10:49:15 - [MESSAGE][WARNING] - Timeout '0' is invalid. Using default page load timeout: '30'

2018-11-15 10:49:16 - [MESSAGE][PASSED] - Element 'Object Repository/Application/Settings/My Account Settings/Personal Info/maternalNameField' is exist

2018-11-15 10:49:16 - [TEST_STEP][PASSED] - hideKeyboard: Keyboard is hidden

2018-11-15 10:49:18 - [MESSAGE][PASSED] - Keyboard is hidden

2018-11-15 10:49:18 - [TEST_STEP][PASSED] - tap: Tapped on element 'Object Repository/Application/Settings/My Account Settings/Personal Info/meh'

2018-11-15 10:49:18 - [MESSAGE][WARNING] - Timeout '0' is invalid. Using default page load timeout: '30'

2018-11-15 10:49:21 - [MESSAGE][PASSED] - Tapped on element 'Object Repository/Application/Settings/My Account Settings/Personal Info/meh'

2018-11-15 10:49:21 - [TEST_STEP][PASSED] - tap: Tapped on element 'Object Repository/Application/Settings/settingsBackButton'

2018-11-15 10:49:21 - [MESSAGE][WARNING] - Timeout '0' is invalid. Using default page load timeout: '30'

2018-11-15 10:49:22 - [MESSAGE][PASSED] - Tapped on element 'Object Repository/Application/Settings/settingsBackButton'

2018-11-15 10:49:22 - [TEST_STEP][PASSED] - comment: Business Industry 

2018-11-15 10:49:22 - [TEST_STEP][PASSED] - tap: Tapped on element 'Object Repository/Application/Settings/My Account Settings/Business Info/Business Info button'

2018-11-15 10:49:22 - [MESSAGE][WARNING] - Timeout '0' is invalid. Using default page load timeout: '30'

2018-11-15 10:49:23 - [MESSAGE][PASSED] - Tapped on element 'Object Repository/Application/Settings/My Account Settings/Business Info/Business Info button'

2018-11-15 10:49:23 - [TEST_STEP][PASSED] - tap: Tapped on element 'Object Repository/Application/Settings/My Account Settings/Business Info/Business Name Input'

2018-11-15 10:49:23 - [MESSAGE][WARNING] - Timeout '0' is invalid. Using default page load timeout: '30'

2018-11-15 10:49:25 - [MESSAGE][PASSED] - Tapped on element 'Object Repository/Application/Settings/My Account Settings/Business Info/Business Name Input'

2018-11-15 10:49:25 - [TEST_STEP][PASSED] - clearText: Element 'Object Repository/Application/Settings/My Account Settings/Business Info/Business Name Input' text is cleared

2018-11-15 10:49:25 - [MESSAGE][WARNING] - Timeout '0' is invalid. Using default page load timeout: '30'

2018-11-15 10:49:25 - [MESSAGE][PASSED] - Element 'Object Repository/Application/Settings/My Account Settings/Business Info/Business Name Input' text is cleared

2018-11-15 10:49:25 - [TEST_STEP][PASSED] - setText: Text 'Connors Sporting Goods' has been set to element 'Object Repository/Application/Settings/My Account Settings/Business Info/emptyBusinessNameField'

2018-11-15 10:49:25 - [MESSAGE][WARNING] - Timeout '0' is invalid. Using default page load timeout: '30'

2018-11-15 10:49:28 - [MESSAGE][PASSED] - Text 'Connors Sporting Goods' has been set to element 'Object Repository/Application/Settings/My Account Settings/Business Info/emptyBusinessNameField'

2018-11-15 10:49:28 - [TEST_STEP][PASSED] - tap: Tapped on element 'Object Repository/Application/Settings/My Account Settings/Business Info/businessSelectorButton'

2018-11-15 10:49:28 - [MESSAGE][WARNING] - Timeout '0' is invalid. Using default page load timeout: '30'

2018-11-15 10:49:31 - [MESSAGE][PASSED] - Tapped on element 'Object Repository/Application/Settings/My Account Settings/Business Info/businessSelectorButton'

2018-11-15 10:49:31 - [TEST_STEP][PASSED] - tap: Tapped on element 'Object Repository/Application/Settings/My Account Settings/Business Info/Mayoristas indsutry selection'

2018-11-15 10:49:31 - [MESSAGE][WARNING] - Timeout '0' is invalid. Using default page load timeout: '30'

2018-11-15 10:49:32 - [MESSAGE][PASSED] - Tapped on element 'Object Repository/Application/Settings/My Account Settings/Business Info/Mayoristas indsutry selection'

2018-11-15 10:49:32 - [TEST_STEP][PASSED] - tap: Tapped on element 'Object Repository/Application/Settings/My Account Settings/Business Info/Business Industry save changes'

2018-11-15 10:49:32 - [MESSAGE][WARNING] - Timeout '0' is invalid. Using default page load timeout: '30'

2018-11-15 10:49:33 - [MESSAGE][PASSED] - Tapped on element 'Object Repository/Application/Settings/My Account Settings/Business Info/Business Industry save changes'

2018-11-15 10:49:33 - [TEST_STEP][PASSED] - tap: Tapped on element 'Object Repository/Application/Settings/My Account Settings/Business Info/backArrowButton'

2018-11-15 10:49:33 - [MESSAGE][WARNING] - Timeout '0' is invalid. Using default page load timeout: '30'

2018-11-15 10:49:34 - [MESSAGE][PASSED] - Tapped on element 'Object Repository/Application/Settings/My Account Settings/Business Info/backArrowButton'

2018-11-15 10:49:34 - [TEST_STEP][PASSED] - comment: Business Address

2018-11-15 10:49:34 - [TEST_STEP][PASSED] - tap: Tapped on element 'Object Repository/Application/Settings/My Account Settings/Business Address/android.widget.TextView3 - Business Address'

2018-11-15 10:49:34 - [MESSAGE][WARNING] - Timeout '0' is invalid. Using default page load timeout: '30'

2018-11-15 10:49:36 - [MESSAGE][PASSED] - Tapped on element 'Object Repository/Application/Settings/My Account Settings/Business Address/android.widget.TextView3 - Business Address'

2018-11-15 10:49:36 - [TEST_STEP][PASSED] - tap: Tapped on element 'Object Repository/Application/Settings/My Account Settings/Business Address/Street Input'

2018-11-15 10:49:36 - [MESSAGE][WARNING] - Timeout '0' is invalid. Using default page load timeout: '30'

2018-11-15 10:49:38 - [MESSAGE][PASSED] - Tapped on element 'Object Repository/Application/Settings/My Account Settings/Business Address/Street Input'

2018-11-15 10:49:38 - [TEST_STEP][PASSED] - clearText: Element 'Object Repository/Application/Settings/My Account Settings/Business Address/Set Text Street' text is cleared

2018-11-15 10:49:38 - [MESSAGE][WARNING] - Timeout '0' is invalid. Using default page load timeout: '30'

2018-11-15 10:49:38 - [MESSAGE][PASSED] - Element 'Object Repository/Application/Settings/My Account Settings/Business Address/Set Text Street' text is cleared

2018-11-15 10:49:38 - [TEST_STEP][PASSED] - setText: Text 'A Street' has been set to element 'Object Repository/Application/Settings/My Account Settings/Business Address/Set Text Street'

2018-11-15 10:49:38 - [MESSAGE][WARNING] - Timeout '0' is invalid. Using default page load timeout: '30'

2018-11-15 10:49:41 - [MESSAGE][PASSED] - Text 'A Street' has been set to element 'Object Repository/Application/Settings/My Account Settings/Business Address/Set Text Street'

2018-11-15 10:49:41 - [TEST_STEP][PASSED] - tap: Tapped on element 'Object Repository/Application/Settings/My Account Settings/Business Address/Num Int Input'

2018-11-15 10:49:41 - [MESSAGE][WARNING] - Timeout '0' is invalid. Using default page load timeout: '30'

2018-11-15 10:49:43 - [MESSAGE][PASSED] - Tapped on element 'Object Repository/Application/Settings/My Account Settings/Business Address/Num Int Input'

2018-11-15 10:49:43 - [TEST_STEP][PASSED] - clearText: Element 'Object Repository/Application/Settings/My Account Settings/Business Address/Set Text Num Int' text is cleared

2018-11-15 10:49:43 - [MESSAGE][WARNING] - Timeout '0' is invalid. Using default page load timeout: '30'

2018-11-15 10:49:43 - [MESSAGE][PASSED] - Element 'Object Repository/Application/Settings/My Account Settings/Business Address/Set Text Num Int' text is cleared

2018-11-15 10:49:43 - [TEST_STEP][PASSED] - setText: Text '3' has been set to element 'Object Repository/Application/Settings/My Account Settings/Business Address/Set Text Num Int'

2018-11-15 10:49:43 - [MESSAGE][WARNING] - Timeout '0' is invalid. Using default page load timeout: '30'

2018-11-15 10:49:46 - [MESSAGE][PASSED] - Text '3' has been set to element 'Object Repository/Application/Settings/My Account Settings/Business Address/Set Text Num Int'

2018-11-15 10:49:46 - [TEST_STEP][PASSED] - tap: Tapped on element 'Object Repository/Application/Settings/My Account Settings/Business Address/Zip Code Input'

2018-11-15 10:49:46 - [MESSAGE][WARNING] - Timeout '0' is invalid. Using default page load timeout: '30'

2018-11-15 10:49:48 - [MESSAGE][PASSED] - Tapped on element 'Object Repository/Application/Settings/My Account Settings/Business Address/Zip Code Input'

2018-11-15 10:49:48 - [TEST_STEP][PASSED] - clearText: Element 'Object Repository/Application/Settings/My Account Settings/Business Address/Set Text Zip Code' text is cleared

2018-11-15 10:49:48 - [MESSAGE][WARNING] - Timeout '0' is invalid. Using default page load timeout: '30'

2018-11-15 10:49:48 - [MESSAGE][PASSED] - Element 'Object Repository/Application/Settings/My Account Settings/Business Address/Set Text Zip Code' text is cleared

2018-11-15 10:49:48 - [TEST_STEP][PASSED] - verifyElementVisible: Element 'Object Repository/Application/Settings/My Account Settings/Business Address/Must Be 5 digits' is visible

2018-11-15 10:49:48 - [MESSAGE][WARNING] - Timeout '0' is invalid. Using default page load timeout: '30'

2018-11-15 10:49:50 - [MESSAGE][PASSED] - Element 'Object Repository/Application/Settings/My Account Settings/Business Address/Must Be 5 digits' is visible

2018-11-15 10:49:50 - [TEST_STEP][PASSED] - setText: Text '84126' has been set to element 'Object Repository/Application/Settings/My Account Settings/Business Address/Set Text Zip Code'

2018-11-15 10:49:50 - [MESSAGE][WARNING] - Timeout '0' is invalid. Using default page load timeout: '30'

2018-11-15 10:49:51 - [MESSAGE][PASSED] - Text '84126' has been set to element 'Object Repository/Application/Settings/My Account Settings/Business Address/Set Text Zip Code'

2018-11-15 10:49:51 - [TEST_STEP][PASSED] - tap: Tapped on element 'Object Repository/Application/Settings/My Account Settings/Business Address/Colony Selector'

2018-11-15 10:49:51 - [MESSAGE][WARNING] - Timeout '0' is invalid. Using default page load timeout: '30'

2018-11-15 10:49:55 - [MESSAGE][PASSED] - Tapped on element 'Object Repository/Application/Settings/My Account Settings/Business Address/Colony Selector'

2018-11-15 10:49:55 - [TEST_STEP][PASSED] - tap: Tapped on element 'Object Repository/Application/Settings/My Account Settings/Business Address/La Paz colony'

2018-11-15 10:49:55 - [MESSAGE][WARNING] - Timeout '0' is invalid. Using default page load timeout: '30'

2018-11-15 10:49:56 - [MESSAGE][PASSED] - Tapped on element 'Object Repository/Application/Settings/My Account Settings/Business Address/La Paz colony'

2018-11-15 10:49:56 - [TEST_STEP][PASSED] - tap: Tapped on element 'Object Repository/Application/Settings/My Account Settings/Business Address/Business Address Header'

2018-11-15 10:49:56 - [MESSAGE][WARNING] - Timeout '0' is invalid. Using default page load timeout: '30'

2018-11-15 10:50:00 - [MESSAGE][PASSED] - Tapped on element 'Object Repository/Application/Settings/My Account Settings/Business Address/Business Address Header'

2018-11-15 10:50:00 - [TEST_STEP][PASSED] - tap: Tapped on element 'Object Repository/Application/Settings/My Account Settings/Business Address/Municipality Selector'

2018-11-15 10:50:00 - [MESSAGE][WARNING] - Timeout '0' is invalid. Using default page load timeout: '30'

2018-11-15 10:50:01 - [MESSAGE][PASSED] - Tapped on element 'Object Repository/Application/Settings/My Account Settings/Business Address/Municipality Selector'

2018-11-15 10:50:01 - [TEST_STEP][PASSED] - checkElement: Element 'Object Repository/Application/Settings/My Account Settings/Business Address/Imuris Municipality' is checked

2018-11-15 10:50:01 - [MESSAGE][WARNING] - Timeout '0' is invalid. Using default page load timeout: '30'

2018-11-15 10:50:02 - [MESSAGE][PASSED] - Element 'Object Repository/Application/Settings/My Account Settings/Business Address/Imuris Municipality' is checked

2018-11-15 10:50:02 - [TEST_STEP][PASSED] - tap: Tapped on element 'Object Repository/Application/Settings/My Account Settings/Business Address/Business Address Header'

2018-11-15 10:50:02 - [MESSAGE][WARNING] - Timeout '0' is invalid. Using default page load timeout: '30'

2018-11-15 10:50:06 - [MESSAGE][PASSED] - Tapped on element 'Object Repository/Application/Settings/My Account Settings/Business Address/Business Address Header'

2018-11-15 10:50:06 - [TEST_STEP][PASSED] - tap: Tapped on element 'Object Repository/Application/Settings/My Account Settings/Business Address/State Selector'

2018-11-15 10:50:06 - [MESSAGE][WARNING] - Timeout '0' is invalid. Using default page load timeout: '30'

2018-11-15 10:50:09 - [MESSAGE][PASSED] - Tapped on element 'Object Repository/Application/Settings/My Account Settings/Business Address/State Selector'

2018-11-15 10:50:09 - [TEST_STEP][PASSED] - checkElement: Element 'Object Repository/Application/Settings/My Account Settings/Business Address/Sonora State' is checked

2018-11-15 10:50:09 - [MESSAGE][WARNING] - Timeout '0' is invalid. Using default page load timeout: '30'

2018-11-15 10:50:10 - [MESSAGE][PASSED] - Element 'Object Repository/Application/Settings/My Account Settings/Business Address/Sonora State' is checked

2018-11-15 10:50:10 - [TEST_STEP][PASSED] - tap: Tapped on element 'Object Repository/Application/Settings/My Account Settings/Business Address/Business Address Header'

2018-11-15 10:50:10 - [MESSAGE][WARNING] - Timeout '0' is invalid. Using default page load timeout: '30'

2018-11-15 10:50:11 - [MESSAGE][PASSED] - Tapped on element 'Object Repository/Application/Settings/My Account Settings/Business Address/Business Address Header'

2018-11-15 10:50:11 - [TEST_STEP][PASSED] - tap: Tapped on element 'Object Repository/Application/Settings/My Account Settings/Business Address/Business Address Save button'

2018-11-15 10:50:11 - [MESSAGE][WARNING] - Timeout '0' is invalid. Using default page load timeout: '30'

2018-11-15 10:50:13 - [MESSAGE][PASSED] - Tapped on element 'Object Repository/Application/Settings/My Account Settings/Business Address/Business Address Save button'

2018-11-15 10:50:13 - [TEST_STEP][PASSED] - pressBack: Press back button successfully

2018-11-15 10:50:13 - [MESSAGE][PASSED] - Press back button successfully

2018-11-15 10:50:13 - [TEST_STEP][PASSED] - comment: Installments

2018-11-15 10:50:13 - [TEST_STEP][PASSED] - tap: Tapped on element 'Object Repository/Application/Settings/My Account Settings/Installments/android.widget.TextView5 - Installments'

2018-11-15 10:50:13 - [MESSAGE][WARNING] - Timeout '0' is invalid. Using default page load timeout: '30'

2018-11-15 10:50:15 - [MESSAGE][PASSED] - Tapped on element 'Object Repository/Application/Settings/My Account Settings/Installments/android.widget.TextView5 - Installments'

2018-11-15 10:50:15 - [TEST_STEP][FAILED] - tap: Failed to tap on element 'Object Repository/Application/Settings/My Account Settings/Installments/Number of Months dropdown' (Root cause: Object Object Repository/Application/Settings/My Account Settings/Installments/Number of Months dropdown not found)

2018-11-15 10:50:15 - [MESSAGE][WARNING] - Timeout '0' is invalid. Using default page load timeout: '30'

2018-11-15 10:50:45 - [MESSAGE][FAILED] - Object Object Repository/Application/Settings/My Account Settings/Installments/Number of Months dropdown not found
[[ATTACHMENT|/Users/connorreese/Katalon Studio/AndroidSmokeTest copy/Reports/TS_RegressionTest/20181115_104249/1542304245418.png]]

2018-11-15 10:50:46 - [MESSAGE][FAILED] - Failed to tap on element 'Object Repository/Application/Settings/My Account Settings/Installments/Number of Months dropdown' (Root cause: Object Object Repository/Application/Settings/My Account Settings/Installments/Number of Months dropdown not found)
[[ATTACHMENT|/Users/connorreese/Katalon Studio/AndroidSmokeTest copy/Reports/TS_RegressionTest/20181115_104249/1542304245860.png]]]]></system-out>
         <system-err><![CDATA[2018-11-15 10:48:02 - [TEST_CASE][FAILED] - Test Cases/myAccountSettings: Test Cases/myAccountSettings FAILED because (of) (Stack trace: com.kms.katalon.core.exception.StepFailedException: Failed to tap on element 'Object Repository/Application/Settings/My Account Settings/Installments/Number of Months dropdown' (Root cause: Object Object Repository/Application/Settings/My Account Settings/Installments/Number of Months dropdown not found)
	at com.kms.katalon.core.keyword.internal.KeywordMain.stepFailed(KeywordMain.groovy:36)
	at com.kms.katalon.core.mobile.keyword.internal.MobileKeywordMain.stepFailed(MobileKeywordMain.groovy:40)
	at com.kms.katalon.core.mobile.keyword.internal.MobileKeywordMain.runKeyword(MobileKeywordMain.groovy:23)
	at com.kms.katalon.core.mobile.keyword.builtin.TapKeyword.tap(TapKeyword.groovy:83)
	at com.kms.katalon.core.mobile.keyword.builtin.TapKeyword.execute(TapKeyword.groovy:66)
	at com.kms.katalon.core.keyword.internal.KeywordExecutor.executeKeywordForPlatform(KeywordExecutor.groovy:53)
	at com.kms.katalon.core.mobile.keyword.MobileBuiltInKeywords.tap(MobileBuiltInKeywords.groovy:485)
	at com.kms.katalon.core.mobile.keyword.MobileBuiltInKeywords$tap$0.call(Unknown Source)
	at org.codehaus.groovy.runtime.callsite.CallSiteArray.defaultCall(CallSiteArray.java:48)
	at org.codehaus.groovy.runtime.callsite.AbstractCallSite.call(AbstractCallSite.java:113)
	at org.codehaus.groovy.runtime.callsite.AbstractCallSite.call(AbstractCallSite.java:133)
	at Script1533655900513.run(Script1533655900513.groovy:140)
	at com.kms.katalon.core.main.ScriptEngine.run(ScriptEngine.java:183)
	at com.kms.katalon.core.main.ScriptEngine.runScriptAsRawText(ScriptEngine.java:108)
	at com.kms.katalon.core.main.TestCaseExecutor.runScript(TestCaseExecutor.java:294)
	at com.kms.katalon.core.main.TestCaseExecutor.doExecute(TestCaseExecutor.java:285)
	at com.kms.katalon.core.main.TestCaseExecutor.processExecutionPhase(TestCaseExecutor.java:264)
	at com.kms.katalon.core.main.TestCaseExecutor.accessMainPhase(TestCaseExecutor.java:256)
	at com.kms.katalon.core.main.TestCaseExecutor.execute(TestCaseExecutor.java:200)
	at com.kms.katalon.core.main.TestSuiteExecutor.accessTestCaseMainPhase(TestSuiteExecutor.java:129)
	at com.kms.katalon.core.main.TestSuiteExecutor.accessTestSuiteMainPhase(TestSuiteExecutor.java:112)
	at com.kms.katalon.core.main.TestSuiteExecutor.execute(TestSuiteExecutor.java:81)
	at com.kms.katalon.core.main.TestCaseMain.startTestSuite(TestCaseMain.java:142)
	at com.kms.katalon.core.main.TestCaseMain$startTestSuite$0.call(Unknown Source)
	at org.codehaus.groovy.runtime.callsite.CallSiteArray.defaultCall(CallSiteArray.java:48)
	at org.codehaus.groovy.runtime.callsite.AbstractCallSite.call(AbstractCallSite.java:113)
	at org.codehaus.groovy.runtime.callsite.AbstractCallSite.call(AbstractCallSite.java:141)
	at TempTestSuite1542303769040.run(TempTestSuite1542303769040.groovy:36)
	at groovy.lang.GroovyShell.runScriptOrMainOrTestOrRunnable(GroovyShell.java:263)
	at groovy.lang.GroovyShell.run(GroovyShell.java:518)
	at groovy.lang.GroovyShell.run(GroovyShell.java:507)
	at groovy.ui.GroovyMain.processOnce(GroovyMain.java:653)
	at groovy.ui.GroovyMain.run(GroovyMain.java:384)
	at groovy.ui.GroovyMain.process(GroovyMain.java:370)
	at groovy.ui.GroovyMain.processArgs(GroovyMain.java:129)
	at groovy.ui.GroovyMain.main(GroovyMain.java:109)
	at sun.reflect.NativeMethodAccessorImpl.invoke0(Native Method)
	at sun.reflect.NativeMethodAccessorImpl.invoke(NativeMethodAccessorImpl.java:62)
	at sun.reflect.DelegatingMethodAccessorImpl.invoke(DelegatingMethodAccessorImpl.java:43)
	at java.lang.reflect.Method.invoke(Method.java:498)
	at org.codehaus.groovy.tools.GroovyStarter.rootLoader(GroovyStarter.java:109)
	at org.codehaus.groovy.tools.GroovyStarter.main(GroovyStarter.java:131)
)]]></system-err>
      </testcase>
      <system-out><![CDATA[2018-11-15 10:42:50 - [TEST_SUITE][FAILED] - TS_RegressionTest: Test Cases/terminalFuctionality FAILED because (of) (Stack trace: com.kms.katalon.core.exception.StepFailedException: Failed to tap on element 'Object Repository/Application/Terminal/android.widget.Button3 - 4' (Root cause: Object Object Repository/Application/Terminal/android.widget.Button3 - 4 not found)
	at com.kms.katalon.core.keyword.internal.KeywordMain.stepFailed(KeywordMain.groovy:36)
	at com.kms.katalon.core.mobile.keyword.internal.MobileKeywordMain.stepFailed(MobileKeywordMain.groovy:40)
	at com.kms.katalon.core.mobile.keyword.internal.MobileKeywordMain.runKeyword(MobileKeywordMain.groovy:23)
	at com.kms.katalon.core.mobile.keyword.builtin.TapKeyword.tap(TapKeyword.groovy:83)
	at com.kms.katalon.core.mobile.keyword.builtin.TapKeyword.execute(TapKeyword.groovy:66)
	at com.kms.katalon.core.keyword.internal.KeywordExecutor.executeKeywordForPlatform(KeywordExecutor.groovy:53)
	at com.kms.katalon.core.mobile.keyword.MobileBuiltInKeywords.tap(MobileBuiltInKeywords.groovy:485)
	at com.kms.katalon.core.mobile.keyword.MobileBuiltInKeywords$tap$0.call(Unknown Source)
	at org.codehaus.groovy.runtime.callsite.CallSiteArray.defaultCall(CallSiteArray.java:48)
	at org.codehaus.groovy.runtime.callsite.AbstractCallSite.call(AbstractCallSite.java:113)
	at org.codehaus.groovy.runtime.callsite.AbstractCallSite.call(AbstractCallSite.java:133)
	at Script1530814111084.run(Script1530814111084.groovy:36)
	at com.kms.katalon.core.main.ScriptEngine.run(ScriptEngine.java:183)
	at com.kms.katalon.core.main.ScriptEngine.runScriptAsRawText(ScriptEngine.java:108)
	at com.kms.katalon.core.main.TestCaseExecutor.runScript(TestCaseExecutor.java:294)
	at com.kms.katalon.core.main.TestCaseExecutor.doExecute(TestCaseExecutor.java:285)
	at com.kms.katalon.core.main.TestCaseExecutor.processExecutionPhase(TestCaseExecutor.java:264)
	at com.kms.katalon.core.main.TestCaseExecutor.accessMainPhase(TestCaseExecutor.java:256)
	at com.kms.katalon.core.main.TestCaseExecutor.execute(TestCaseExecutor.java:200)
	at com.kms.katalon.core.main.TestSuiteExecutor.accessTestCaseMainPhase(TestSuiteExecutor.java:129)
	at com.kms.katalon.core.main.TestSuiteExecutor.accessTestSuiteMainPhase(TestSuiteExecutor.java:112)
	at com.kms.katalon.core.main.TestSuiteExecutor.execute(TestSuiteExecutor.java:81)
	at com.kms.katalon.core.main.TestCaseMain.startTestSuite(TestCaseMain.java:142)
	at com.kms.katalon.core.main.TestCaseMain$startTestSuite$0.call(Unknown Source)
	at org.codehaus.groovy.runtime.callsite.CallSiteArray.defaultCall(CallSiteArray.java:48)
	at org.codehaus.groovy.runtime.callsite.AbstractCallSite.call(AbstractCallSite.java:113)
	at org.codehaus.groovy.runtime.callsite.AbstractCallSite.call(AbstractCallSite.java:141)
	at TempTestSuite1542303769040.run(TempTestSuite1542303769040.groovy:36)
	at groovy.lang.GroovyShell.runScriptOrMainOrTestOrRunnable(GroovyShell.java:263)
	at groovy.lang.GroovyShell.run(GroovyShell.java:518)
	at groovy.lang.GroovyShell.run(GroovyShell.java:507)
	at groovy.ui.GroovyMain.processOnce(GroovyMain.java:653)
	at groovy.ui.GroovyMain.run(GroovyMain.java:384)
	at groovy.ui.GroovyMain.process(GroovyMain.java:370)
	at groovy.ui.GroovyMain.processArgs(GroovyMain.java:129)
	at groovy.ui.GroovyMain.main(GroovyMain.java:109)
	at sun.reflect.NativeMethodAccessorImpl.invoke0(Native Method)
	at sun.reflect.NativeMethodAccessorImpl.invoke(NativeMethodAccessorImpl.java:62)
	at sun.reflect.DelegatingMethodAccessorImpl.invoke(DelegatingMethodAccessorImpl.java:43)
	at java.lang.reflect.Method.invoke(Method.java:498)
	at org.codehaus.groovy.tools.GroovyStarter.rootLoader(GroovyStarter.java:109)
	at org.codehaus.groovy.tools.GroovyStarter.main(GroovyStarter.java:131)
)]]></system-out>
      <system-err><![CDATA[2018-11-15 10:42:50 - [TEST_SUITE][FAILED] - TS_RegressionTest: Test Cases/terminalFuctionality FAILED because (of) (Stack trace: com.kms.katalon.core.exception.StepFailedException: Failed to tap on element 'Object Repository/Application/Terminal/android.widget.Button3 - 4' (Root cause: Object Object Repository/Application/Terminal/android.widget.Button3 - 4 not found)
	at com.kms.katalon.core.keyword.internal.KeywordMain.stepFailed(KeywordMain.groovy:36)
	at com.kms.katalon.core.mobile.keyword.internal.MobileKeywordMain.stepFailed(MobileKeywordMain.groovy:40)
	at com.kms.katalon.core.mobile.keyword.internal.MobileKeywordMain.runKeyword(MobileKeywordMain.groovy:23)
	at com.kms.katalon.core.mobile.keyword.builtin.TapKeyword.tap(TapKeyword.groovy:83)
	at com.kms.katalon.core.mobile.keyword.builtin.TapKeyword.execute(TapKeyword.groovy:66)
	at com.kms.katalon.core.keyword.internal.KeywordExecutor.executeKeywordForPlatform(KeywordExecutor.groovy:53)
	at com.kms.katalon.core.mobile.keyword.MobileBuiltInKeywords.tap(MobileBuiltInKeywords.groovy:485)
	at com.kms.katalon.core.mobile.keyword.MobileBuiltInKeywords$tap$0.call(Unknown Source)
	at org.codehaus.groovy.runtime.callsite.CallSiteArray.defaultCall(CallSiteArray.java:48)
	at org.codehaus.groovy.runtime.callsite.AbstractCallSite.call(AbstractCallSite.java:113)
	at org.codehaus.groovy.runtime.callsite.AbstractCallSite.call(AbstractCallSite.java:133)
	at Script1530814111084.run(Script1530814111084.groovy:36)
	at com.kms.katalon.core.main.ScriptEngine.run(ScriptEngine.java:183)
	at com.kms.katalon.core.main.ScriptEngine.runScriptAsRawText(ScriptEngine.java:108)
	at com.kms.katalon.core.main.TestCaseExecutor.runScript(TestCaseExecutor.java:294)
	at com.kms.katalon.core.main.TestCaseExecutor.doExecute(TestCaseExecutor.java:285)
	at com.kms.katalon.core.main.TestCaseExecutor.processExecutionPhase(TestCaseExecutor.java:264)
	at com.kms.katalon.core.main.TestCaseExecutor.accessMainPhase(TestCaseExecutor.java:256)
	at com.kms.katalon.core.main.TestCaseExecutor.execute(TestCaseExecutor.java:200)
	at com.kms.katalon.core.main.TestSuiteExecutor.accessTestCaseMainPhase(TestSuiteExecutor.java:129)
	at com.kms.katalon.core.main.TestSuiteExecutor.accessTestSuiteMainPhase(TestSuiteExecutor.java:112)
	at com.kms.katalon.core.main.TestSuiteExecutor.execute(TestSuiteExecutor.java:81)
	at com.kms.katalon.core.main.TestCaseMain.startTestSuite(TestCaseMain.java:142)
	at com.kms.katalon.core.main.TestCaseMain$startTestSuite$0.call(Unknown Source)
	at org.codehaus.groovy.runtime.callsite.CallSiteArray.defaultCall(CallSiteArray.java:48)
	at org.codehaus.groovy.runtime.callsite.AbstractCallSite.call(AbstractCallSite.java:113)
	at org.codehaus.groovy.runtime.callsite.AbstractCallSite.call(AbstractCallSite.java:141)
	at TempTestSuite1542303769040.run(TempTestSuite1542303769040.groovy:36)
	at groovy.lang.GroovyShell.runScriptOrMainOrTestOrRunnable(GroovyShell.java:263)
	at groovy.lang.GroovyShell.run(GroovyShell.java:518)
	at groovy.lang.GroovyShell.run(GroovyShell.java:507)
	at groovy.ui.GroovyMain.processOnce(GroovyMain.java:653)
	at groovy.ui.GroovyMain.run(GroovyMain.java:384)
	at groovy.ui.GroovyMain.process(GroovyMain.java:370)
	at groovy.ui.GroovyMain.processArgs(GroovyMain.java:129)
	at groovy.ui.GroovyMain.main(GroovyMain.java:109)
	at sun.reflect.NativeMethodAccessorImpl.invoke0(Native Method)
	at sun.reflect.NativeMethodAccessorImpl.invoke(NativeMethodAccessorImpl.java:62)
	at sun.reflect.DelegatingMethodAccessorImpl.invoke(DelegatingMethodAccessorImpl.java:43)
	at java.lang.reflect.Method.invoke(Method.java:498)
	at org.codehaus.groovy.tools.GroovyStarter.rootLoader(GroovyStarter.java:109)
	at org.codehaus.groovy.tools.GroovyStarter.main(GroovyStarter.java:131)
)]]></system-err>
   </testsuite>
</testsuites>
