<?xml version="1.0" encoding="UTF-8"?>
<testsuites name="TS_RegressionTest" time="282" tests="3" failures="1" errors="0">
   <testsuite name="TS_RegressionTest" tests="3" failures="1" errors="0" time="282" timestamp="2018-10-16 15:09:28" hostname="connorreese - 10.1.1.129" id="Test Suites/TS_RegressionTest">
      <properties>
         <property name="deviceName" value="samsung SM-J727U (Android 7.0)"/>
         <property name="devicePlatform" value=""/>
         <property name="logFolder" value="/Users/connorreese/Katalon Studio/SampleMobileTestProject1/Reports/TS_RegressionTest/20181016_150926"/>
         <property name="logFiles" value="/Users/connorreese/Katalon Studio/SampleMobileTestProject1/Reports/TS_RegressionTest/20181016_150926/execution0.log, /Users/connorreese/Katalon Studio/SampleMobileTestProject1/Reports/TS_RegressionTest/20181016_150926/appium.log"/>
         <property name="attachments" value=""/>
         <property name="hostName" value="connorreese - 10.1.1.129"/>
         <property name="os" value="Mac OS X 64bit"/>
         <property name="katalonVersion" value="5.8.0.1"/>
         <property name="deviceOS" value="Android"/>
         <property name="appiumVersion" value="1.8.1"/>
         <property name="deviceModel" value="SM-J727U"/>
         <property name="hostAddress" value="10.1.1.129"/>
         <property name="deviceManufacturer" value="samsung"/>
         <property name="deviceId" value="330097d69bf6a3e7"/>
         <property name="deviceName" value="samsung SM-J727U (Android 7.0)"/>
         <property name="deviceOSVersion" value="7.0"/>
      </properties>
      <testcase name="Test Cases/successfulLoginTest" classname="Test Cases/successfulLoginTest" status="PASSED">
         <system-out><![CDATA[2018-10-16 15:09:28 - [TEST_CASE][PASSED] - Test Cases/successfulLoginTest: Test Cases/successfulLoginTest

2018-10-16 15:09:28 - [TEST_STEP][PASSED] - startApplication: Started app at: '/Users/connorreese/Downloads/Clip-3.4.0-208-prod-release.apk'

2018-10-16 15:10:09 - [MESSAGE][PASSED] - Started app at: '/Users/connorreese/Downloads/Clip-3.4.0-208-prod-release.apk'

2018-10-16 15:10:09 - [TEST_STEP][PASSED] - tap: Tapped on element 'Object Repository/Application/Login Selectors/login'

2018-10-16 15:10:09 - [MESSAGE][WARNING] - Timeout '0' is invalid. Using default page load timeout: '30'

2018-10-16 15:10:11 - [MESSAGE][PASSED] - Tapped on element 'Object Repository/Application/Login Selectors/login'

2018-10-16 15:10:11 - [TEST_STEP][PASSED] - tap: Tapped on element 'Object Repository/Application/Login Selectors/emailLogin'

2018-10-16 15:10:11 - [MESSAGE][WARNING] - Timeout '0' is invalid. Using default page load timeout: '30'

2018-10-16 15:10:12 - [MESSAGE][PASSED] - Tapped on element 'Object Repository/Application/Login Selectors/emailLogin'

2018-10-16 15:10:12 - [TEST_STEP][PASSED] - setText: Text 'connor.reese@payclip.com' has been set to element 'Object Repository/Application/Login Selectors/emailLoginInput'

2018-10-16 15:10:12 - [MESSAGE][WARNING] - Timeout '0' is invalid. Using default page load timeout: '30'

2018-10-16 15:10:13 - [MESSAGE][PASSED] - Text 'connor.reese@payclip.com' has been set to element 'Object Repository/Application/Login Selectors/emailLoginInput'

2018-10-16 15:10:13 - [TEST_STEP][PASSED] - tap: Tapped on element 'Object Repository/Application/Login Selectors/password'

2018-10-16 15:10:13 - [MESSAGE][WARNING] - Timeout '0' is invalid. Using default page load timeout: '30'

2018-10-16 15:10:16 - [MESSAGE][PASSED] - Tapped on element 'Object Repository/Application/Login Selectors/password'

2018-10-16 15:10:16 - [TEST_STEP][PASSED] - setText: Text 'P@ssw0rd' has been set to element 'Object Repository/Application/Login Selectors/passwordInput'

2018-10-16 15:10:16 - [MESSAGE][WARNING] - Timeout '0' is invalid. Using default page load timeout: '30'

2018-10-16 15:10:17 - [MESSAGE][PASSED] - Text 'P@ssw0rd' has been set to element 'Object Repository/Application/Login Selectors/passwordInput'

2018-10-16 15:10:17 - [TEST_STEP][PASSED] - tap: Tapped on element 'Object Repository/Application/Login Selectors/loginButton'

2018-10-16 15:10:17 - [MESSAGE][WARNING] - Timeout '0' is invalid. Using default page load timeout: '30'

2018-10-16 15:10:19 - [MESSAGE][PASSED] - Tapped on element 'Object Repository/Application/Login Selectors/loginButton'

2018-10-16 15:10:19 - [TEST_STEP][NOT_RUN] - closeApplication: NOT_RUN: closeApplication

2018-10-16 15:10:19 - [MESSAGE][NOT_RUN] - NOT_RUN: closeApplication]]></system-out>
         <system-err><![CDATA[]]></system-err>
      </testcase>
      <testcase name="Test Cases/failedLoginTest" classname="Test Cases/failedLoginTest" status="PASSED">
         <system-out><![CDATA[2018-10-16 15:10:19 - [TEST_CASE][PASSED] - Test Cases/failedLoginTest: Test Cases/failedLoginTest

2018-10-16 15:10:20 - [TEST_STEP][PASSED] - startApplication: Started app at: '/Users/connorreese/Downloads/Clip-3.4.0-208-prod-release.apk'

2018-10-16 15:10:58 - [MESSAGE][PASSED] - Started app at: '/Users/connorreese/Downloads/Clip-3.4.0-208-prod-release.apk'

2018-10-16 15:10:58 - [TEST_STEP][PASSED] - tap: Tapped on element 'Object Repository/Application/Login Selectors/login'

2018-10-16 15:10:58 - [MESSAGE][WARNING] - Timeout '0' is invalid. Using default page load timeout: '30'

2018-10-16 15:11:00 - [MESSAGE][PASSED] - Tapped on element 'Object Repository/Application/Login Selectors/login'

2018-10-16 15:11:00 - [TEST_STEP][PASSED] - tap: Tapped on element 'Object Repository/Application/Login Selectors/emailLogin'

2018-10-16 15:11:00 - [MESSAGE][WARNING] - Timeout '0' is invalid. Using default page load timeout: '30'

2018-10-16 15:11:02 - [MESSAGE][PASSED] - Tapped on element 'Object Repository/Application/Login Selectors/emailLogin'

2018-10-16 15:11:02 - [TEST_STEP][PASSED] - setText: Text 'john doe' has been set to element 'Object Repository/Application/Login Selectors/emailLoginInput'

2018-10-16 15:11:02 - [MESSAGE][WARNING] - Timeout '0' is invalid. Using default page load timeout: '30'

2018-10-16 15:11:03 - [MESSAGE][PASSED] - Text 'john doe' has been set to element 'Object Repository/Application/Login Selectors/emailLoginInput'

2018-10-16 15:11:03 - [TEST_STEP][PASSED] - tap: Tapped on element 'Object Repository/Application/Login Selectors/password'

2018-10-16 15:11:03 - [MESSAGE][WARNING] - Timeout '0' is invalid. Using default page load timeout: '30'

2018-10-16 15:11:05 - [MESSAGE][PASSED] - Tapped on element 'Object Repository/Application/Login Selectors/password'

2018-10-16 15:11:05 - [TEST_STEP][PASSED] - setText: Text 'meh' has been set to element 'Object Repository/Application/Login Selectors/passwordInput'

2018-10-16 15:11:05 - [MESSAGE][WARNING] - Timeout '0' is invalid. Using default page load timeout: '30'

2018-10-16 15:11:06 - [MESSAGE][PASSED] - Text 'meh' has been set to element 'Object Repository/Application/Login Selectors/passwordInput'

2018-10-16 15:11:06 - [TEST_STEP][PASSED] - tap: Tapped on element 'Object Repository/Application/Login Selectors/loginError'

2018-10-16 15:11:06 - [MESSAGE][WARNING] - Timeout '0' is invalid. Using default page load timeout: '30'

2018-10-16 15:11:08 - [MESSAGE][PASSED] - Tapped on element 'Object Repository/Application/Login Selectors/loginError'

2018-10-16 15:11:08 - [TEST_STEP][PASSED] - tap: Tapped on element 'Object Repository/Application/Login Selectors/loginButton'

2018-10-16 15:11:08 - [MESSAGE][WARNING] - Timeout '0' is invalid. Using default page load timeout: '30'

2018-10-16 15:11:09 - [MESSAGE][PASSED] - Tapped on element 'Object Repository/Application/Login Selectors/loginButton'

2018-10-16 15:11:09 - [TEST_STEP][NOT_RUN] - closeApplication: NOT_RUN: closeApplication

2018-10-16 15:11:09 - [MESSAGE][NOT_RUN] - NOT_RUN: closeApplication]]></system-out>
         <system-err><![CDATA[]]></system-err>
      </testcase>
      <testcase name="Test Cases/terminalFuctionality" classname="Test Cases/terminalFuctionality" status="PASSED">
         <system-out><![CDATA[2018-10-16 15:11:09 - [TEST_CASE][PASSED] - Test Cases/terminalFuctionality: Test Cases/terminalFuctionality

2018-10-16 15:11:10 - [TEST_STEP][PASSED] - startApplication: Started app at: '/Users/connorreese/Downloads/Clip-3.4.0-208-prod-release.apk'

2018-10-16 15:11:52 - [MESSAGE][PASSED] - Started app at: '/Users/connorreese/Downloads/Clip-3.4.0-208-prod-release.apk'

2018-10-16 15:11:52 - [TEST_STEP][PASSED] - tap: Tapped on element 'Object Repository/Application/Login Selectors/login'

2018-10-16 15:11:52 - [MESSAGE][WARNING] - Timeout '0' is invalid. Using default page load timeout: '30'

2018-10-16 15:11:54 - [MESSAGE][PASSED] - Tapped on element 'Object Repository/Application/Login Selectors/login'

2018-10-16 15:11:54 - [TEST_STEP][PASSED] - tap: Tapped on element 'Object Repository/Application/Login Selectors/emailLogin'

2018-10-16 15:11:54 - [MESSAGE][WARNING] - Timeout '0' is invalid. Using default page load timeout: '30'

2018-10-16 15:11:56 - [MESSAGE][PASSED] - Tapped on element 'Object Repository/Application/Login Selectors/emailLogin'

2018-10-16 15:11:56 - [TEST_STEP][PASSED] - setText: Text 'connor.reese@payclip.com' has been set to element 'Object Repository/Application/Login Selectors/emailLoginInput'

2018-10-16 15:11:56 - [MESSAGE][WARNING] - Timeout '0' is invalid. Using default page load timeout: '30'

2018-10-16 15:11:57 - [MESSAGE][PASSED] - Text 'connor.reese@payclip.com' has been set to element 'Object Repository/Application/Login Selectors/emailLoginInput'

2018-10-16 15:11:57 - [TEST_STEP][PASSED] - tap: Tapped on element 'Object Repository/Application/Login Selectors/password'

2018-10-16 15:11:57 - [MESSAGE][WARNING] - Timeout '0' is invalid. Using default page load timeout: '30'

2018-10-16 15:11:59 - [MESSAGE][PASSED] - Tapped on element 'Object Repository/Application/Login Selectors/password'

2018-10-16 15:11:59 - [TEST_STEP][PASSED] - setText: Text 'P@ssw0rd' has been set to element 'Object Repository/Application/Login Selectors/passwordInput'

2018-10-16 15:11:59 - [MESSAGE][WARNING] - Timeout '0' is invalid. Using default page load timeout: '30'

2018-10-16 15:12:00 - [MESSAGE][PASSED] - Text 'P@ssw0rd' has been set to element 'Object Repository/Application/Login Selectors/passwordInput'

2018-10-16 15:12:00 - [TEST_STEP][PASSED] - tap: Tapped on element 'Object Repository/Application/Login Selectors/loginButton'

2018-10-16 15:12:00 - [MESSAGE][WARNING] - Timeout '0' is invalid. Using default page load timeout: '30'

2018-10-16 15:12:02 - [MESSAGE][PASSED] - Tapped on element 'Object Repository/Application/Login Selectors/loginButton'

2018-10-16 15:12:02 - [TEST_STEP][PASSED] - tap: Tapped on element 'Object Repository/Application/Terminal/android.widget.Button3 - 4'

2018-10-16 15:12:02 - [MESSAGE][WARNING] - Timeout '0' is invalid. Using default page load timeout: '30'

2018-10-16 15:12:03 - [MESSAGE][PASSED] - Tapped on element 'Object Repository/Application/Terminal/android.widget.Button3 - 4'

2018-10-16 15:12:03 - [TEST_STEP][PASSED] - tap: Tapped on element 'Object Repository/Application/Terminal/android.widget.Button2 - 3'

2018-10-16 15:12:03 - [MESSAGE][WARNING] - Timeout '0' is invalid. Using default page load timeout: '30'

2018-10-16 15:12:04 - [MESSAGE][PASSED] - Tapped on element 'Object Repository/Application/Terminal/android.widget.Button2 - 3'

2018-10-16 15:12:04 - [TEST_STEP][PASSED] - tap: Tapped on element 'Object Repository/Application/Terminal/android.widget.Button5 - 6'

2018-10-16 15:12:04 - [MESSAGE][WARNING] - Timeout '0' is invalid. Using default page load timeout: '30'

2018-10-16 15:12:08 - [MESSAGE][PASSED] - Tapped on element 'Object Repository/Application/Terminal/android.widget.Button5 - 6'

2018-10-16 15:12:08 - [TEST_STEP][PASSED] - tap: Tapped on element 'Object Repository/Application/Terminal/terminalBackspace'

2018-10-16 15:12:08 - [MESSAGE][WARNING] - Timeout '0' is invalid. Using default page load timeout: '30'

2018-10-16 15:12:11 - [MESSAGE][PASSED] - Tapped on element 'Object Repository/Application/Terminal/terminalBackspace'

2018-10-16 15:12:11 - [TEST_STEP][PASSED] - tap: Tapped on element 'Object Repository/Application/Terminal/terminalBackspace'

2018-10-16 15:12:11 - [MESSAGE][WARNING] - Timeout '0' is invalid. Using default page load timeout: '30'

2018-10-16 15:12:12 - [MESSAGE][PASSED] - Tapped on element 'Object Repository/Application/Terminal/terminalBackspace'

2018-10-16 15:12:12 - [TEST_STEP][PASSED] - tap: Tapped on element 'Object Repository/Application/Terminal/terminalBackspace'

2018-10-16 15:12:12 - [MESSAGE][WARNING] - Timeout '0' is invalid. Using default page load timeout: '30'

2018-10-16 15:12:13 - [MESSAGE][PASSED] - Tapped on element 'Object Repository/Application/Terminal/terminalBackspace'

2018-10-16 15:12:13 - [TEST_STEP][PASSED] - tap: Tapped on element 'Object Repository/Application/Terminal/android.widget.Button5 - 6'

2018-10-16 15:12:13 - [MESSAGE][WARNING] - Timeout '0' is invalid. Using default page load timeout: '30'

2018-10-16 15:12:14 - [MESSAGE][PASSED] - Tapped on element 'Object Repository/Application/Terminal/android.widget.Button5 - 6'

2018-10-16 15:12:14 - [TEST_STEP][PASSED] - tap: Tapped on element 'Object Repository/Application/Terminal/android.widget.Button0 - 1'

2018-10-16 15:12:14 - [MESSAGE][WARNING] - Timeout '0' is invalid. Using default page load timeout: '30'

2018-10-16 15:12:15 - [MESSAGE][PASSED] - Tapped on element 'Object Repository/Application/Terminal/android.widget.Button0 - 1'

2018-10-16 15:12:15 - [TEST_STEP][PASSED] - tap: Tapped on element 'Object Repository/Application/Terminal/android.widget.Button2 - 3'

2018-10-16 15:12:15 - [MESSAGE][WARNING] - Timeout '0' is invalid. Using default page load timeout: '30'

2018-10-16 15:12:16 - [MESSAGE][PASSED] - Tapped on element 'Object Repository/Application/Terminal/android.widget.Button2 - 3'

2018-10-16 15:12:16 - [TEST_STEP][PASSED] - tap: Tapped on element 'Object Repository/Application/Terminal/terminalClearButton'

2018-10-16 15:12:16 - [MESSAGE][WARNING] - Timeout '0' is invalid. Using default page load timeout: '30'

2018-10-16 15:12:17 - [MESSAGE][PASSED] - Tapped on element 'Object Repository/Application/Terminal/terminalClearButton'

2018-10-16 15:12:17 - [TEST_STEP][PASSED] - tap: Tapped on element 'Object Repository/Application/Terminal/terminalChargeButton'

2018-10-16 15:12:17 - [MESSAGE][WARNING] - Timeout '0' is invalid. Using default page load timeout: '30'

2018-10-16 15:12:18 - [MESSAGE][PASSED] - Tapped on element 'Object Repository/Application/Terminal/terminalChargeButton'

2018-10-16 15:12:18 - [TEST_STEP][PASSED] - tap: Tapped on element 'Object Repository/Application/Terminal/terminalOkButton'

2018-10-16 15:12:18 - [MESSAGE][WARNING] - Timeout '0' is invalid. Using default page load timeout: '30'

2018-10-16 15:12:21 - [MESSAGE][PASSED] - Tapped on element 'Object Repository/Application/Terminal/terminalOkButton'

2018-10-16 15:12:21 - [TEST_STEP][PASSED] - tap: Tapped on element 'Object Repository/Application/Terminal/android.widget.Button2 - 3'

2018-10-16 15:12:21 - [MESSAGE][WARNING] - Timeout '0' is invalid. Using default page load timeout: '30'

2018-10-16 15:12:22 - [MESSAGE][PASSED] - Tapped on element 'Object Repository/Application/Terminal/android.widget.Button2 - 3'

2018-10-16 15:12:22 - [TEST_STEP][PASSED] - tap: Tapped on element 'Object Repository/Application/Terminal/terminalChargeButton'

2018-10-16 15:12:22 - [MESSAGE][WARNING] - Timeout '0' is invalid. Using default page load timeout: '30'

2018-10-16 15:12:25 - [MESSAGE][PASSED] - Tapped on element 'Object Repository/Application/Terminal/terminalChargeButton'

2018-10-16 15:12:25 - [TEST_STEP][PASSED] - tap: Tapped on element 'Object Repository/Application/Terminal/exitWaitScreen'

2018-10-16 15:12:25 - [MESSAGE][WARNING] - Timeout '0' is invalid. Using default page load timeout: '30'

2018-10-16 15:12:28 - [MESSAGE][PASSED] - Tapped on element 'Object Repository/Application/Terminal/exitWaitScreen'

2018-10-16 15:12:28 - [TEST_STEP][NOT_RUN] - closeApplication: NOT_RUN: closeApplication

2018-10-16 15:12:28 - [MESSAGE][NOT_RUN] - NOT_RUN: closeApplication]]></system-out>
         <system-err><![CDATA[]]></system-err>
      </testcase>
      <testcase name="Test Cases/settings" classname="Test Cases/settings" status="FAILED">
         <failure type="FAILED" message="(Stack trace: com.kms.katalon.core.exception.StepFailedException: No driver found
	at com.kms.katalon.core.mobile.helper.MobileScreenCaptor.getAnyAppiumDriver(MobileScreenCaptor.java:64)
	at com.kms.katalon.core.mobile.helper.MobileScreenCaptor.take(MobileScreenCaptor.java:31)
	at com.kms.katalon.core.helper.screenshot.ScreenCaptor.takeScreenshotAndGetAttributes(ScreenCaptor.java:39)
	at com.kms.katalon.core.mobile.keyword.internal.MobileKeywordMain.stepFailed(MobileKeywordMain.groovy:40)
	at com.kms.katalon.core.mobile.keyword.internal.MobileKeywordMain.runKeyword(MobileKeywordMain.groovy:23)
	at com.kms.katalon.core.mobile.keyword.builtin.CheckElementKeyword.checkElement(CheckElementKeyword.groovy:71)
	at com.kms.katalon.core.mobile.keyword.builtin.CheckElementKeyword.execute(CheckElementKeyword.groovy:64)
	at com.kms.katalon.core.keyword.internal.KeywordExecutor.executeKeywordForPlatform(KeywordExecutor.groovy:53)
	at com.kms.katalon.core.mobile.keyword.MobileBuiltInKeywords.checkElement(MobileBuiltInKeywords.groovy:1298)
	at com.kms.katalon.core.mobile.keyword.MobileBuiltInKeywords$checkElement$4.call(Unknown Source)
	at org.codehaus.groovy.runtime.callsite.CallSiteArray.defaultCall(CallSiteArray.java:48)
	at org.codehaus.groovy.runtime.callsite.AbstractCallSite.call(AbstractCallSite.java:113)
	at org.codehaus.groovy.runtime.callsite.AbstractCallSite.call(AbstractCallSite.java:133)
	at Script1530822485413.run(Script1530822485413.groovy:122)
	at com.kms.katalon.core.main.ScriptEngine.run(ScriptEngine.java:183)
	at com.kms.katalon.core.main.ScriptEngine.runScriptAsRawText(ScriptEngine.java:108)
	at com.kms.katalon.core.main.TestCaseExecutor.runScript(TestCaseExecutor.java:294)
	at com.kms.katalon.core.main.TestCaseExecutor.doExecute(TestCaseExecutor.java:285)
	at com.kms.katalon.core.main.TestCaseExecutor.processExecutionPhase(TestCaseExecutor.java:264)
	at com.kms.katalon.core.main.TestCaseExecutor.accessMainPhase(TestCaseExecutor.java:256)
	at com.kms.katalon.core.main.TestCaseExecutor.execute(TestCaseExecutor.java:200)
	at com.kms.katalon.core.main.TestSuiteExecutor.accessTestCaseMainPhase(TestSuiteExecutor.java:129)
	at com.kms.katalon.core.main.TestSuiteExecutor.accessTestSuiteMainPhase(TestSuiteExecutor.java:112)
	at com.kms.katalon.core.main.TestSuiteExecutor.execute(TestSuiteExecutor.java:81)
	at com.kms.katalon.core.main.TestCaseMain.startTestSuite(TestCaseMain.java:142)
	at com.kms.katalon.core.main.TestCaseMain$startTestSuite$0.call(Unknown Source)
	at org.codehaus.groovy.runtime.callsite.CallSiteArray.defaultCall(CallSiteArray.java:48)
	at org.codehaus.groovy.runtime.callsite.AbstractCallSite.call(AbstractCallSite.java:113)
	at org.codehaus.groovy.runtime.callsite.AbstractCallSite.call(AbstractCallSite.java:141)
	at TempTestSuite1539724166857.run(TempTestSuite1539724166857.groovy:36)
	at groovy.lang.GroovyShell.runScriptOrMainOrTestOrRunnable(GroovyShell.java:263)
	at groovy.lang.GroovyShell.run(GroovyShell.java:518)
	at groovy.lang.GroovyShell.run(GroovyShell.java:507)
	at groovy.ui.GroovyMain.processOnce(GroovyMain.java:653)
	at groovy.ui.GroovyMain.run(GroovyMain.java:384)
	at groovy.ui.GroovyMain.process(GroovyMain.java:370)
	at groovy.ui.GroovyMain.processArgs(GroovyMain.java:129)
	at groovy.ui.GroovyMain.main(GroovyMain.java:109)
	at sun.reflect.NativeMethodAccessorImpl.invoke0(Native Method)
	at sun.reflect.NativeMethodAccessorImpl.invoke(NativeMethodAccessorImpl.java:62)
	at sun.reflect.DelegatingMethodAccessorImpl.invoke(DelegatingMethodAccessorImpl.java:43)
	at java.lang.reflect.Method.invoke(Method.java:498)
	at org.codehaus.groovy.tools.GroovyStarter.rootLoader(GroovyStarter.java:109)
	at org.codehaus.groovy.tools.GroovyStarter.main(GroovyStarter.java:131)
)"/>
         <system-out><![CDATA[2018-10-16 15:12:28 - [TEST_CASE][FAILED] - Test Cases/settings: Test Cases/settings FAILED because (of) (Stack trace: com.kms.katalon.core.exception.StepFailedException: No driver found
	at com.kms.katalon.core.mobile.helper.MobileScreenCaptor.getAnyAppiumDriver(MobileScreenCaptor.java:64)
	at com.kms.katalon.core.mobile.helper.MobileScreenCaptor.take(MobileScreenCaptor.java:31)
	at com.kms.katalon.core.helper.screenshot.ScreenCaptor.takeScreenshotAndGetAttributes(ScreenCaptor.java:39)
	at com.kms.katalon.core.mobile.keyword.internal.MobileKeywordMain.stepFailed(MobileKeywordMain.groovy:40)
	at com.kms.katalon.core.mobile.keyword.internal.MobileKeywordMain.runKeyword(MobileKeywordMain.groovy:23)
	at com.kms.katalon.core.mobile.keyword.builtin.CheckElementKeyword.checkElement(CheckElementKeyword.groovy:71)
	at com.kms.katalon.core.mobile.keyword.builtin.CheckElementKeyword.execute(CheckElementKeyword.groovy:64)
	at com.kms.katalon.core.keyword.internal.KeywordExecutor.executeKeywordForPlatform(KeywordExecutor.groovy:53)
	at com.kms.katalon.core.mobile.keyword.MobileBuiltInKeywords.checkElement(MobileBuiltInKeywords.groovy:1298)
	at com.kms.katalon.core.mobile.keyword.MobileBuiltInKeywords$checkElement$4.call(Unknown Source)
	at org.codehaus.groovy.runtime.callsite.CallSiteArray.defaultCall(CallSiteArray.java:48)
	at org.codehaus.groovy.runtime.callsite.AbstractCallSite.call(AbstractCallSite.java:113)
	at org.codehaus.groovy.runtime.callsite.AbstractCallSite.call(AbstractCallSite.java:133)
	at Script1530822485413.run(Script1530822485413.groovy:122)
	at com.kms.katalon.core.main.ScriptEngine.run(ScriptEngine.java:183)
	at com.kms.katalon.core.main.ScriptEngine.runScriptAsRawText(ScriptEngine.java:108)
	at com.kms.katalon.core.main.TestCaseExecutor.runScript(TestCaseExecutor.java:294)
	at com.kms.katalon.core.main.TestCaseExecutor.doExecute(TestCaseExecutor.java:285)
	at com.kms.katalon.core.main.TestCaseExecutor.processExecutionPhase(TestCaseExecutor.java:264)
	at com.kms.katalon.core.main.TestCaseExecutor.accessMainPhase(TestCaseExecutor.java:256)
	at com.kms.katalon.core.main.TestCaseExecutor.execute(TestCaseExecutor.java:200)
	at com.kms.katalon.core.main.TestSuiteExecutor.accessTestCaseMainPhase(TestSuiteExecutor.java:129)
	at com.kms.katalon.core.main.TestSuiteExecutor.accessTestSuiteMainPhase(TestSuiteExecutor.java:112)
	at com.kms.katalon.core.main.TestSuiteExecutor.execute(TestSuiteExecutor.java:81)
	at com.kms.katalon.core.main.TestCaseMain.startTestSuite(TestCaseMain.java:142)
	at com.kms.katalon.core.main.TestCaseMain$startTestSuite$0.call(Unknown Source)
	at org.codehaus.groovy.runtime.callsite.CallSiteArray.defaultCall(CallSiteArray.java:48)
	at org.codehaus.groovy.runtime.callsite.AbstractCallSite.call(AbstractCallSite.java:113)
	at org.codehaus.groovy.runtime.callsite.AbstractCallSite.call(AbstractCallSite.java:141)
	at TempTestSuite1539724166857.run(TempTestSuite1539724166857.groovy:36)
	at groovy.lang.GroovyShell.runScriptOrMainOrTestOrRunnable(GroovyShell.java:263)
	at groovy.lang.GroovyShell.run(GroovyShell.java:518)
	at groovy.lang.GroovyShell.run(GroovyShell.java:507)
	at groovy.ui.GroovyMain.processOnce(GroovyMain.java:653)
	at groovy.ui.GroovyMain.run(GroovyMain.java:384)
	at groovy.ui.GroovyMain.process(GroovyMain.java:370)
	at groovy.ui.GroovyMain.processArgs(GroovyMain.java:129)
	at groovy.ui.GroovyMain.main(GroovyMain.java:109)
	at sun.reflect.NativeMethodAccessorImpl.invoke0(Native Method)
	at sun.reflect.NativeMethodAccessorImpl.invoke(NativeMethodAccessorImpl.java:62)
	at sun.reflect.DelegatingMethodAccessorImpl.invoke(DelegatingMethodAccessorImpl.java:43)
	at java.lang.reflect.Method.invoke(Method.java:498)
	at org.codehaus.groovy.tools.GroovyStarter.rootLoader(GroovyStarter.java:109)
	at org.codehaus.groovy.tools.GroovyStarter.main(GroovyStarter.java:131)
)

2018-10-16 15:12:28 - [TEST_STEP][PASSED] - startApplication: Started app at: '/Users/connorreese/Downloads/Clip-3.4.0-208-prod-release.apk'

2018-10-16 15:13:11 - [MESSAGE][PASSED] - Started app at: '/Users/connorreese/Downloads/Clip-3.4.0-208-prod-release.apk'

2018-10-16 15:13:11 - [TEST_STEP][PASSED] - tap: Tapped on element 'Object Repository/Application/Login Selectors/login'

2018-10-16 15:13:11 - [MESSAGE][WARNING] - Timeout '0' is invalid. Using default page load timeout: '30'

2018-10-16 15:13:13 - [MESSAGE][PASSED] - Tapped on element 'Object Repository/Application/Login Selectors/login'

2018-10-16 15:13:13 - [TEST_STEP][PASSED] - tap: Tapped on element 'Object Repository/Application/Login Selectors/emailLogin'

2018-10-16 15:13:13 - [MESSAGE][WARNING] - Timeout '0' is invalid. Using default page load timeout: '30'

2018-10-16 15:13:15 - [MESSAGE][PASSED] - Tapped on element 'Object Repository/Application/Login Selectors/emailLogin'

2018-10-16 15:13:15 - [TEST_STEP][PASSED] - setText: Text 'connor.reese@payclip.com' has been set to element 'Object Repository/Application/Login Selectors/emailLoginInput'

2018-10-16 15:13:15 - [MESSAGE][WARNING] - Timeout '0' is invalid. Using default page load timeout: '30'

2018-10-16 15:13:16 - [MESSAGE][PASSED] - Text 'connor.reese@payclip.com' has been set to element 'Object Repository/Application/Login Selectors/emailLoginInput'

2018-10-16 15:13:16 - [TEST_STEP][PASSED] - tap: Tapped on element 'Object Repository/Application/Login Selectors/password'

2018-10-16 15:13:16 - [MESSAGE][WARNING] - Timeout '0' is invalid. Using default page load timeout: '30'

2018-10-16 15:13:18 - [MESSAGE][PASSED] - Tapped on element 'Object Repository/Application/Login Selectors/password'

2018-10-16 15:13:18 - [TEST_STEP][PASSED] - setText: Text 'P@ssw0rd' has been set to element 'Object Repository/Application/Login Selectors/passwordInput'

2018-10-16 15:13:18 - [MESSAGE][WARNING] - Timeout '0' is invalid. Using default page load timeout: '30'

2018-10-16 15:13:19 - [MESSAGE][PASSED] - Text 'P@ssw0rd' has been set to element 'Object Repository/Application/Login Selectors/passwordInput'

2018-10-16 15:13:19 - [TEST_STEP][PASSED] - tap: Tapped on element 'Object Repository/Application/Login Selectors/loginButton'

2018-10-16 15:13:19 - [MESSAGE][WARNING] - Timeout '0' is invalid. Using default page load timeout: '30'

2018-10-16 15:13:22 - [MESSAGE][PASSED] - Tapped on element 'Object Repository/Application/Login Selectors/loginButton'

2018-10-16 15:13:22 - [TEST_STEP][PASSED] - tap: Tapped on element 'Object Repository/Application/Settings/settingsButton'

2018-10-16 15:13:22 - [MESSAGE][WARNING] - Timeout '0' is invalid. Using default page load timeout: '30'

2018-10-16 15:13:23 - [MESSAGE][PASSED] - Tapped on element 'Object Repository/Application/Settings/settingsButton'

2018-10-16 15:13:23 - [TEST_STEP][PASSED] - comment: Security Settings test

2018-10-16 15:13:23 - [TEST_STEP][PASSED] - tap: Tapped on element 'Object Repository/Application/Settings/Security/securityButton'

2018-10-16 15:13:23 - [MESSAGE][WARNING] - Timeout '0' is invalid. Using default page load timeout: '30'

2018-10-16 15:13:24 - [MESSAGE][PASSED] - Tapped on element 'Object Repository/Application/Settings/Security/securityButton'

2018-10-16 15:13:24 - [TEST_STEP][PASSED] - tap: Tapped on element 'Object Repository/Application/Settings/Security/android.widget.Switch0 - OFF'

2018-10-16 15:13:24 - [MESSAGE][WARNING] - Timeout '0' is invalid. Using default page load timeout: '30'

2018-10-16 15:13:26 - [MESSAGE][PASSED] - Tapped on element 'Object Repository/Application/Settings/Security/android.widget.Switch0 - OFF'

2018-10-16 15:13:26 - [TEST_STEP][PASSED] - tap: Tapped on element 'Object Repository/Application/Settings/Security/android.widget.Button0 - 1'

2018-10-16 15:13:26 - [MESSAGE][WARNING] - Timeout '0' is invalid. Using default page load timeout: '30'

2018-10-16 15:13:27 - [MESSAGE][PASSED] - Tapped on element 'Object Repository/Application/Settings/Security/android.widget.Button0 - 1'

2018-10-16 15:13:27 - [TEST_STEP][PASSED] - tap: Tapped on element 'Object Repository/Application/Settings/Security/android.widget.Button1 - 2'

2018-10-16 15:13:27 - [MESSAGE][WARNING] - Timeout '0' is invalid. Using default page load timeout: '30'

2018-10-16 15:13:28 - [MESSAGE][PASSED] - Tapped on element 'Object Repository/Application/Settings/Security/android.widget.Button1 - 2'

2018-10-16 15:13:28 - [TEST_STEP][PASSED] - tap: Tapped on element 'Object Repository/Application/Settings/Security/android.widget.Button2 - 3'

2018-10-16 15:13:28 - [MESSAGE][WARNING] - Timeout '0' is invalid. Using default page load timeout: '30'

2018-10-16 15:13:29 - [MESSAGE][PASSED] - Tapped on element 'Object Repository/Application/Settings/Security/android.widget.Button2 - 3'

2018-10-16 15:13:29 - [TEST_STEP][PASSED] - tap: Tapped on element 'Object Repository/Application/Settings/Security/android.widget.Button3 - 4'

2018-10-16 15:13:29 - [MESSAGE][WARNING] - Timeout '0' is invalid. Using default page load timeout: '30'

2018-10-16 15:13:31 - [MESSAGE][PASSED] - Tapped on element 'Object Repository/Application/Settings/Security/android.widget.Button3 - 4'

2018-10-16 15:13:31 - [TEST_STEP][PASSED] - tap: Tapped on element 'Object Repository/Application/Settings/Security/android.widget.Button0 - 1'

2018-10-16 15:13:31 - [MESSAGE][WARNING] - Timeout '0' is invalid. Using default page load timeout: '30'

2018-10-16 15:13:32 - [MESSAGE][PASSED] - Tapped on element 'Object Repository/Application/Settings/Security/android.widget.Button0 - 1'

2018-10-16 15:13:32 - [TEST_STEP][PASSED] - tap: Tapped on element 'Object Repository/Application/Settings/Security/android.widget.Button1 - 2'

2018-10-16 15:13:32 - [MESSAGE][WARNING] - Timeout '0' is invalid. Using default page load timeout: '30'

2018-10-16 15:13:33 - [MESSAGE][PASSED] - Tapped on element 'Object Repository/Application/Settings/Security/android.widget.Button1 - 2'

2018-10-16 15:13:33 - [TEST_STEP][PASSED] - tap: Tapped on element 'Object Repository/Application/Settings/Security/android.widget.Button2 - 3'

2018-10-16 15:13:33 - [MESSAGE][WARNING] - Timeout '0' is invalid. Using default page load timeout: '30'

2018-10-16 15:13:34 - [MESSAGE][PASSED] - Tapped on element 'Object Repository/Application/Settings/Security/android.widget.Button2 - 3'

2018-10-16 15:13:34 - [TEST_STEP][PASSED] - tap: Tapped on element 'Object Repository/Application/Settings/Security/android.widget.Button3 - 4'

2018-10-16 15:13:34 - [MESSAGE][WARNING] - Timeout '0' is invalid. Using default page load timeout: '30'

2018-10-16 15:13:36 - [MESSAGE][PASSED] - Tapped on element 'Object Repository/Application/Settings/Security/android.widget.Button3 - 4'

2018-10-16 15:13:36 - [TEST_STEP][PASSED] - tap: Tapped on element 'Object Repository/Application/Settings/Security/android.widget.Switch0 - ON'

2018-10-16 15:13:36 - [MESSAGE][WARNING] - Timeout '0' is invalid. Using default page load timeout: '30'

2018-10-16 15:13:37 - [MESSAGE][PASSED] - Tapped on element 'Object Repository/Application/Settings/Security/android.widget.Switch0 - ON'

2018-10-16 15:13:37 - [TEST_STEP][PASSED] - tap: Tapped on element 'Object Repository/Application/Settings/Security/android.widget.Button0 - 1'

2018-10-16 15:13:37 - [MESSAGE][WARNING] - Timeout '0' is invalid. Using default page load timeout: '30'

2018-10-16 15:13:38 - [MESSAGE][PASSED] - Tapped on element 'Object Repository/Application/Settings/Security/android.widget.Button0 - 1'

2018-10-16 15:13:38 - [TEST_STEP][PASSED] - tap: Tapped on element 'Object Repository/Application/Settings/Security/android.widget.Button1 - 2'

2018-10-16 15:13:38 - [MESSAGE][WARNING] - Timeout '0' is invalid. Using default page load timeout: '30'

2018-10-16 15:13:39 - [MESSAGE][PASSED] - Tapped on element 'Object Repository/Application/Settings/Security/android.widget.Button1 - 2'

2018-10-16 15:13:39 - [TEST_STEP][PASSED] - tap: Tapped on element 'Object Repository/Application/Settings/Security/android.widget.Button2 - 3'

2018-10-16 15:13:39 - [MESSAGE][WARNING] - Timeout '0' is invalid. Using default page load timeout: '30'

2018-10-16 15:13:40 - [MESSAGE][PASSED] - Tapped on element 'Object Repository/Application/Settings/Security/android.widget.Button2 - 3'

2018-10-16 15:13:40 - [TEST_STEP][PASSED] - tap: Tapped on element 'Object Repository/Application/Settings/Security/android.widget.Button3 - 4'

2018-10-16 15:13:40 - [MESSAGE][WARNING] - Timeout '0' is invalid. Using default page load timeout: '30'

2018-10-16 15:13:42 - [MESSAGE][PASSED] - Tapped on element 'Object Repository/Application/Settings/Security/android.widget.Button3 - 4'

2018-10-16 15:13:42 - [TEST_STEP][PASSED] - tap: Tapped on element 'Object Repository/Application/Settings/settingsBackButton'

2018-10-16 15:13:42 - [MESSAGE][WARNING] - Timeout '0' is invalid. Using default page load timeout: '30'

2018-10-16 15:13:43 - [MESSAGE][PASSED] - Tapped on element 'Object Repository/Application/Settings/settingsBackButton'

2018-10-16 15:13:43 - [TEST_STEP][PASSED] - comment: Clip Reader Status test

2018-10-16 15:13:43 - [TEST_STEP][PASSED] - tap: Tapped on element 'Object Repository/Application/Settings/Clip Reader Status/clipReaderStatusButton'

2018-10-16 15:13:43 - [MESSAGE][WARNING] - Timeout '0' is invalid. Using default page load timeout: '30'

2018-10-16 15:13:46 - [MESSAGE][PASSED] - Tapped on element 'Object Repository/Application/Settings/Clip Reader Status/clipReaderStatusButton'

2018-10-16 15:13:46 - [TEST_STEP][PASSED] - waitForElementPresent: Element 'Object Repository/Application/Settings/Clip Reader Status/setUpReaderMessage' is present

2018-10-16 15:13:46 - [MESSAGE][WARNING] - Timeout '0' is invalid. Using default page load timeout: '30'

2018-10-16 15:13:47 - [MESSAGE][PASSED] - Element 'Object Repository/Application/Settings/Clip Reader Status/setUpReaderMessage' is present

2018-10-16 15:13:47 - [TEST_STEP][PASSED] - tap: Tapped on element 'Object Repository/Application/Settings/settingsBackButton'

2018-10-16 15:13:47 - [MESSAGE][WARNING] - Timeout '0' is invalid. Using default page load timeout: '30'

2018-10-16 15:13:49 - [MESSAGE][PASSED] - Tapped on element 'Object Repository/Application/Settings/settingsBackButton'

2018-10-16 15:13:49 - [TEST_STEP][PASSED] - comment: Preferences Settings test

2018-10-16 15:13:49 - [TEST_STEP][PASSED] - tap: Tapped on element 'Object Repository/Application/Settings/Preferences/preferencesButton'

2018-10-16 15:13:49 - [MESSAGE][WARNING] - Timeout '0' is invalid. Using default page load timeout: '30'

2018-10-16 15:13:50 - [MESSAGE][PASSED] - Tapped on element 'Object Repository/Application/Settings/Preferences/preferencesButton'

2018-10-16 15:13:50 - [TEST_STEP][PASSED] - tap: Tapped on element 'Object Repository/Application/Settings/Preferences/android.widget.Switch0 - OFF (1)'

2018-10-16 15:13:50 - [MESSAGE][WARNING] - Timeout '0' is invalid. Using default page load timeout: '30'

2018-10-16 15:13:51 - [MESSAGE][PASSED] - Tapped on element 'Object Repository/Application/Settings/Preferences/android.widget.Switch0 - OFF (1)'

2018-10-16 15:13:51 - [TEST_STEP][PASSED] - tap: Tapped on element 'Object Repository/Application/Settings/Preferences/android.widget.Switch1 - OFF'

2018-10-16 15:13:51 - [MESSAGE][WARNING] - Timeout '0' is invalid. Using default page load timeout: '30'

2018-10-16 15:13:52 - [MESSAGE][PASSED] - Tapped on element 'Object Repository/Application/Settings/Preferences/android.widget.Switch1 - OFF'

2018-10-16 15:13:52 - [TEST_STEP][PASSED] - tap: Tapped on element 'Object Repository/Application/Settings/Preferences/android.widget.Switch2 - OFF'

2018-10-16 15:13:52 - [MESSAGE][WARNING] - Timeout '0' is invalid. Using default page load timeout: '30'

2018-10-16 15:13:53 - [MESSAGE][PASSED] - Tapped on element 'Object Repository/Application/Settings/Preferences/android.widget.Switch2 - OFF'

2018-10-16 15:13:53 - [TEST_STEP][PASSED] - tap: Tapped on element 'Object Repository/Application/Settings/Preferences/tipsSwitch'

2018-10-16 15:13:53 - [MESSAGE][WARNING] - Timeout '0' is invalid. Using default page load timeout: '30'

2018-10-16 15:13:54 - [MESSAGE][PASSED] - Tapped on element 'Object Repository/Application/Settings/Preferences/tipsSwitch'

2018-10-16 15:13:54 - [TEST_STEP][PASSED] - tap: Tapped on element 'Object Repository/Application/Settings/Preferences/android.widget.TextView1 - Round up'

2018-10-16 15:13:54 - [MESSAGE][WARNING] - Timeout '0' is invalid. Using default page load timeout: '30'

2018-10-16 15:13:55 - [MESSAGE][PASSED] - Tapped on element 'Object Repository/Application/Settings/Preferences/android.widget.TextView1 - Round up'

2018-10-16 15:13:55 - [TEST_STEP][PASSED] - waitForElementPresent: Element 'Object Repository/Application/Settings/Preferences/android.widget.TextView5 - Round up' is present

2018-10-16 15:13:55 - [MESSAGE][WARNING] - Timeout '0' is invalid. Using default page load timeout: '30'

2018-10-16 15:13:55 - [MESSAGE][PASSED] - Element 'Object Repository/Application/Settings/Preferences/android.widget.TextView5 - Round up' is present

2018-10-16 15:13:55 - [TEST_STEP][PASSED] - tap: Tapped on element 'Object Repository/Application/Settings/Preferences/android.widget.Switch2 - ON'

2018-10-16 15:13:55 - [MESSAGE][WARNING] - Timeout '0' is invalid. Using default page load timeout: '30'

2018-10-16 15:13:56 - [MESSAGE][PASSED] - Tapped on element 'Object Repository/Application/Settings/Preferences/android.widget.Switch2 - ON'

2018-10-16 15:13:56 - [TEST_STEP][PASSED] - tap: Tapped on element 'Object Repository/Application/Settings/Preferences/android.widget.Switch1 - ON'

2018-10-16 15:13:56 - [MESSAGE][WARNING] - Timeout '0' is invalid. Using default page load timeout: '30'

2018-10-16 15:13:57 - [MESSAGE][PASSED] - Tapped on element 'Object Repository/Application/Settings/Preferences/android.widget.Switch1 - ON'

2018-10-16 15:13:57 - [TEST_STEP][PASSED] - tap: Tapped on element 'Object Repository/Application/Settings/Preferences/android.widget.Switch0 - ON'

2018-10-16 15:13:57 - [MESSAGE][WARNING] - Timeout '0' is invalid. Using default page load timeout: '30'

2018-10-16 15:13:58 - [MESSAGE][PASSED] - Tapped on element 'Object Repository/Application/Settings/Preferences/android.widget.Switch0 - ON'

2018-10-16 15:13:58 - [TEST_STEP][PASSED] - tap: Tapped on element 'Object Repository/Application/Settings/settingsBackButton'

2018-10-16 15:13:58 - [MESSAGE][WARNING] - Timeout '0' is invalid. Using default page load timeout: '30'

2018-10-16 15:13:59 - [MESSAGE][PASSED] - Tapped on element 'Object Repository/Application/Settings/settingsBackButton'

2018-10-16 15:13:59 - [TEST_STEP][PASSED] - comment: Buy your reader test (currently broken) 

2018-10-16 15:13:59 - [TEST_STEP][NOT_RUN] - tap: NOT_RUN: tap

2018-10-16 15:13:59 - [MESSAGE][NOT_RUN] - NOT_RUN: tap

2018-10-16 15:13:59 - [TEST_STEP][NOT_RUN] - tap: NOT_RUN: tap

2018-10-16 15:13:59 - [MESSAGE][NOT_RUN] - NOT_RUN: tap

2018-10-16 15:13:59 - [TEST_STEP][PASSED] - comment: About Screen test

2018-10-16 15:13:59 - [TEST_STEP][PASSED] - tap: Tapped on element 'Object Repository/Application/Settings/About/aboutButton'

2018-10-16 15:13:59 - [MESSAGE][WARNING] - Timeout '0' is invalid. Using default page load timeout: '30'

2018-10-16 15:14:00 - [MESSAGE][PASSED] - Tapped on element 'Object Repository/Application/Settings/About/aboutButton'

2018-10-16 15:14:00 - [TEST_STEP][PASSED] - checkElement: Element 'Object Repository/Application/Settings/About/Made with love by Clip' is checked

2018-10-16 15:14:00 - [MESSAGE][WARNING] - Timeout '0' is invalid. Using default page load timeout: '30'

2018-10-16 15:14:02 - [MESSAGE][PASSED] - Element 'Object Repository/Application/Settings/About/Made with love by Clip' is checked

2018-10-16 15:14:02 - [TEST_STEP][PASSED] - checkElement: Element 'Object Repository/Application/Settings/About/android.widget.ImageView0' is checked

2018-10-16 15:14:02 - [MESSAGE][WARNING] - Timeout '0' is invalid. Using default page load timeout: '30'

2018-10-16 15:14:05 - [MESSAGE][PASSED] - Element 'Object Repository/Application/Settings/About/android.widget.ImageView0' is checked

2018-10-16 15:14:05 - [TEST_STEP][PASSED] - tap: Tapped on element 'Object Repository/Application/Settings/settingsBackButton'

2018-10-16 15:14:05 - [MESSAGE][WARNING] - Timeout '0' is invalid. Using default page load timeout: '30'

2018-10-16 15:14:06 - [MESSAGE][PASSED] - Tapped on element 'Object Repository/Application/Settings/settingsBackButton'

2018-10-16 15:14:06 - [TEST_STEP][PASSED] - closeApplication: Close app successfully

2018-10-16 15:14:11 - [MESSAGE][PASSED] - Close app successfully

2018-10-16 15:14:11 - [TEST_STEP][PASSED] - checkElement: Test object with id 'Object Repository/' does not exist

2018-10-16 15:14:11 - [MESSAGE][WARNING] - Test object id is null

2018-10-16 15:14:11 - [MESSAGE][WARNING] - Test object with id 'Object Repository/' does not exist]]></system-out>
         <system-err><![CDATA[2018-10-16 15:12:28 - [TEST_CASE][FAILED] - Test Cases/settings: Test Cases/settings FAILED because (of) (Stack trace: com.kms.katalon.core.exception.StepFailedException: No driver found
	at com.kms.katalon.core.mobile.helper.MobileScreenCaptor.getAnyAppiumDriver(MobileScreenCaptor.java:64)
	at com.kms.katalon.core.mobile.helper.MobileScreenCaptor.take(MobileScreenCaptor.java:31)
	at com.kms.katalon.core.helper.screenshot.ScreenCaptor.takeScreenshotAndGetAttributes(ScreenCaptor.java:39)
	at com.kms.katalon.core.mobile.keyword.internal.MobileKeywordMain.stepFailed(MobileKeywordMain.groovy:40)
	at com.kms.katalon.core.mobile.keyword.internal.MobileKeywordMain.runKeyword(MobileKeywordMain.groovy:23)
	at com.kms.katalon.core.mobile.keyword.builtin.CheckElementKeyword.checkElement(CheckElementKeyword.groovy:71)
	at com.kms.katalon.core.mobile.keyword.builtin.CheckElementKeyword.execute(CheckElementKeyword.groovy:64)
	at com.kms.katalon.core.keyword.internal.KeywordExecutor.executeKeywordForPlatform(KeywordExecutor.groovy:53)
	at com.kms.katalon.core.mobile.keyword.MobileBuiltInKeywords.checkElement(MobileBuiltInKeywords.groovy:1298)
	at com.kms.katalon.core.mobile.keyword.MobileBuiltInKeywords$checkElement$4.call(Unknown Source)
	at org.codehaus.groovy.runtime.callsite.CallSiteArray.defaultCall(CallSiteArray.java:48)
	at org.codehaus.groovy.runtime.callsite.AbstractCallSite.call(AbstractCallSite.java:113)
	at org.codehaus.groovy.runtime.callsite.AbstractCallSite.call(AbstractCallSite.java:133)
	at Script1530822485413.run(Script1530822485413.groovy:122)
	at com.kms.katalon.core.main.ScriptEngine.run(ScriptEngine.java:183)
	at com.kms.katalon.core.main.ScriptEngine.runScriptAsRawText(ScriptEngine.java:108)
	at com.kms.katalon.core.main.TestCaseExecutor.runScript(TestCaseExecutor.java:294)
	at com.kms.katalon.core.main.TestCaseExecutor.doExecute(TestCaseExecutor.java:285)
	at com.kms.katalon.core.main.TestCaseExecutor.processExecutionPhase(TestCaseExecutor.java:264)
	at com.kms.katalon.core.main.TestCaseExecutor.accessMainPhase(TestCaseExecutor.java:256)
	at com.kms.katalon.core.main.TestCaseExecutor.execute(TestCaseExecutor.java:200)
	at com.kms.katalon.core.main.TestSuiteExecutor.accessTestCaseMainPhase(TestSuiteExecutor.java:129)
	at com.kms.katalon.core.main.TestSuiteExecutor.accessTestSuiteMainPhase(TestSuiteExecutor.java:112)
	at com.kms.katalon.core.main.TestSuiteExecutor.execute(TestSuiteExecutor.java:81)
	at com.kms.katalon.core.main.TestCaseMain.startTestSuite(TestCaseMain.java:142)
	at com.kms.katalon.core.main.TestCaseMain$startTestSuite$0.call(Unknown Source)
	at org.codehaus.groovy.runtime.callsite.CallSiteArray.defaultCall(CallSiteArray.java:48)
	at org.codehaus.groovy.runtime.callsite.AbstractCallSite.call(AbstractCallSite.java:113)
	at org.codehaus.groovy.runtime.callsite.AbstractCallSite.call(AbstractCallSite.java:141)
	at TempTestSuite1539724166857.run(TempTestSuite1539724166857.groovy:36)
	at groovy.lang.GroovyShell.runScriptOrMainOrTestOrRunnable(GroovyShell.java:263)
	at groovy.lang.GroovyShell.run(GroovyShell.java:518)
	at groovy.lang.GroovyShell.run(GroovyShell.java:507)
	at groovy.ui.GroovyMain.processOnce(GroovyMain.java:653)
	at groovy.ui.GroovyMain.run(GroovyMain.java:384)
	at groovy.ui.GroovyMain.process(GroovyMain.java:370)
	at groovy.ui.GroovyMain.processArgs(GroovyMain.java:129)
	at groovy.ui.GroovyMain.main(GroovyMain.java:109)
	at sun.reflect.NativeMethodAccessorImpl.invoke0(Native Method)
	at sun.reflect.NativeMethodAccessorImpl.invoke(NativeMethodAccessorImpl.java:62)
	at sun.reflect.DelegatingMethodAccessorImpl.invoke(DelegatingMethodAccessorImpl.java:43)
	at java.lang.reflect.Method.invoke(Method.java:498)
	at org.codehaus.groovy.tools.GroovyStarter.rootLoader(GroovyStarter.java:109)
	at org.codehaus.groovy.tools.GroovyStarter.main(GroovyStarter.java:131)
)]]></system-err>
      </testcase>
      <system-out><![CDATA[2018-10-16 15:09:28 - [TEST_SUITE][FAILED] - TS_RegressionTest: Test Cases/settings FAILED because (of) (Stack trace: com.kms.katalon.core.exception.StepFailedException: No driver found
	at com.kms.katalon.core.mobile.helper.MobileScreenCaptor.getAnyAppiumDriver(MobileScreenCaptor.java:64)
	at com.kms.katalon.core.mobile.helper.MobileScreenCaptor.take(MobileScreenCaptor.java:31)
	at com.kms.katalon.core.helper.screenshot.ScreenCaptor.takeScreenshotAndGetAttributes(ScreenCaptor.java:39)
	at com.kms.katalon.core.mobile.keyword.internal.MobileKeywordMain.stepFailed(MobileKeywordMain.groovy:40)
	at com.kms.katalon.core.mobile.keyword.internal.MobileKeywordMain.runKeyword(MobileKeywordMain.groovy:23)
	at com.kms.katalon.core.mobile.keyword.builtin.CheckElementKeyword.checkElement(CheckElementKeyword.groovy:71)
	at com.kms.katalon.core.mobile.keyword.builtin.CheckElementKeyword.execute(CheckElementKeyword.groovy:64)
	at com.kms.katalon.core.keyword.internal.KeywordExecutor.executeKeywordForPlatform(KeywordExecutor.groovy:53)
	at com.kms.katalon.core.mobile.keyword.MobileBuiltInKeywords.checkElement(MobileBuiltInKeywords.groovy:1298)
	at com.kms.katalon.core.mobile.keyword.MobileBuiltInKeywords$checkElement$4.call(Unknown Source)
	at org.codehaus.groovy.runtime.callsite.CallSiteArray.defaultCall(CallSiteArray.java:48)
	at org.codehaus.groovy.runtime.callsite.AbstractCallSite.call(AbstractCallSite.java:113)
	at org.codehaus.groovy.runtime.callsite.AbstractCallSite.call(AbstractCallSite.java:133)
	at Script1530822485413.run(Script1530822485413.groovy:122)
	at com.kms.katalon.core.main.ScriptEngine.run(ScriptEngine.java:183)
	at com.kms.katalon.core.main.ScriptEngine.runScriptAsRawText(ScriptEngine.java:108)
	at com.kms.katalon.core.main.TestCaseExecutor.runScript(TestCaseExecutor.java:294)
	at com.kms.katalon.core.main.TestCaseExecutor.doExecute(TestCaseExecutor.java:285)
	at com.kms.katalon.core.main.TestCaseExecutor.processExecutionPhase(TestCaseExecutor.java:264)
	at com.kms.katalon.core.main.TestCaseExecutor.accessMainPhase(TestCaseExecutor.java:256)
	at com.kms.katalon.core.main.TestCaseExecutor.execute(TestCaseExecutor.java:200)
	at com.kms.katalon.core.main.TestSuiteExecutor.accessTestCaseMainPhase(TestSuiteExecutor.java:129)
	at com.kms.katalon.core.main.TestSuiteExecutor.accessTestSuiteMainPhase(TestSuiteExecutor.java:112)
	at com.kms.katalon.core.main.TestSuiteExecutor.execute(TestSuiteExecutor.java:81)
	at com.kms.katalon.core.main.TestCaseMain.startTestSuite(TestCaseMain.java:142)
	at com.kms.katalon.core.main.TestCaseMain$startTestSuite$0.call(Unknown Source)
	at org.codehaus.groovy.runtime.callsite.CallSiteArray.defaultCall(CallSiteArray.java:48)
	at org.codehaus.groovy.runtime.callsite.AbstractCallSite.call(AbstractCallSite.java:113)
	at org.codehaus.groovy.runtime.callsite.AbstractCallSite.call(AbstractCallSite.java:141)
	at TempTestSuite1539724166857.run(TempTestSuite1539724166857.groovy:36)
	at groovy.lang.GroovyShell.runScriptOrMainOrTestOrRunnable(GroovyShell.java:263)
	at groovy.lang.GroovyShell.run(GroovyShell.java:518)
	at groovy.lang.GroovyShell.run(GroovyShell.java:507)
	at groovy.ui.GroovyMain.processOnce(GroovyMain.java:653)
	at groovy.ui.GroovyMain.run(GroovyMain.java:384)
	at groovy.ui.GroovyMain.process(GroovyMain.java:370)
	at groovy.ui.GroovyMain.processArgs(GroovyMain.java:129)
	at groovy.ui.GroovyMain.main(GroovyMain.java:109)
	at sun.reflect.NativeMethodAccessorImpl.invoke0(Native Method)
	at sun.reflect.NativeMethodAccessorImpl.invoke(NativeMethodAccessorImpl.java:62)
	at sun.reflect.DelegatingMethodAccessorImpl.invoke(DelegatingMethodAccessorImpl.java:43)
	at java.lang.reflect.Method.invoke(Method.java:498)
	at org.codehaus.groovy.tools.GroovyStarter.rootLoader(GroovyStarter.java:109)
	at org.codehaus.groovy.tools.GroovyStarter.main(GroovyStarter.java:131)
)]]></system-out>
      <system-err><![CDATA[2018-10-16 15:09:28 - [TEST_SUITE][FAILED] - TS_RegressionTest: Test Cases/settings FAILED because (of) (Stack trace: com.kms.katalon.core.exception.StepFailedException: No driver found
	at com.kms.katalon.core.mobile.helper.MobileScreenCaptor.getAnyAppiumDriver(MobileScreenCaptor.java:64)
	at com.kms.katalon.core.mobile.helper.MobileScreenCaptor.take(MobileScreenCaptor.java:31)
	at com.kms.katalon.core.helper.screenshot.ScreenCaptor.takeScreenshotAndGetAttributes(ScreenCaptor.java:39)
	at com.kms.katalon.core.mobile.keyword.internal.MobileKeywordMain.stepFailed(MobileKeywordMain.groovy:40)
	at com.kms.katalon.core.mobile.keyword.internal.MobileKeywordMain.runKeyword(MobileKeywordMain.groovy:23)
	at com.kms.katalon.core.mobile.keyword.builtin.CheckElementKeyword.checkElement(CheckElementKeyword.groovy:71)
	at com.kms.katalon.core.mobile.keyword.builtin.CheckElementKeyword.execute(CheckElementKeyword.groovy:64)
	at com.kms.katalon.core.keyword.internal.KeywordExecutor.executeKeywordForPlatform(KeywordExecutor.groovy:53)
	at com.kms.katalon.core.mobile.keyword.MobileBuiltInKeywords.checkElement(MobileBuiltInKeywords.groovy:1298)
	at com.kms.katalon.core.mobile.keyword.MobileBuiltInKeywords$checkElement$4.call(Unknown Source)
	at org.codehaus.groovy.runtime.callsite.CallSiteArray.defaultCall(CallSiteArray.java:48)
	at org.codehaus.groovy.runtime.callsite.AbstractCallSite.call(AbstractCallSite.java:113)
	at org.codehaus.groovy.runtime.callsite.AbstractCallSite.call(AbstractCallSite.java:133)
	at Script1530822485413.run(Script1530822485413.groovy:122)
	at com.kms.katalon.core.main.ScriptEngine.run(ScriptEngine.java:183)
	at com.kms.katalon.core.main.ScriptEngine.runScriptAsRawText(ScriptEngine.java:108)
	at com.kms.katalon.core.main.TestCaseExecutor.runScript(TestCaseExecutor.java:294)
	at com.kms.katalon.core.main.TestCaseExecutor.doExecute(TestCaseExecutor.java:285)
	at com.kms.katalon.core.main.TestCaseExecutor.processExecutionPhase(TestCaseExecutor.java:264)
	at com.kms.katalon.core.main.TestCaseExecutor.accessMainPhase(TestCaseExecutor.java:256)
	at com.kms.katalon.core.main.TestCaseExecutor.execute(TestCaseExecutor.java:200)
	at com.kms.katalon.core.main.TestSuiteExecutor.accessTestCaseMainPhase(TestSuiteExecutor.java:129)
	at com.kms.katalon.core.main.TestSuiteExecutor.accessTestSuiteMainPhase(TestSuiteExecutor.java:112)
	at com.kms.katalon.core.main.TestSuiteExecutor.execute(TestSuiteExecutor.java:81)
	at com.kms.katalon.core.main.TestCaseMain.startTestSuite(TestCaseMain.java:142)
	at com.kms.katalon.core.main.TestCaseMain$startTestSuite$0.call(Unknown Source)
	at org.codehaus.groovy.runtime.callsite.CallSiteArray.defaultCall(CallSiteArray.java:48)
	at org.codehaus.groovy.runtime.callsite.AbstractCallSite.call(AbstractCallSite.java:113)
	at org.codehaus.groovy.runtime.callsite.AbstractCallSite.call(AbstractCallSite.java:141)
	at TempTestSuite1539724166857.run(TempTestSuite1539724166857.groovy:36)
	at groovy.lang.GroovyShell.runScriptOrMainOrTestOrRunnable(GroovyShell.java:263)
	at groovy.lang.GroovyShell.run(GroovyShell.java:518)
	at groovy.lang.GroovyShell.run(GroovyShell.java:507)
	at groovy.ui.GroovyMain.processOnce(GroovyMain.java:653)
	at groovy.ui.GroovyMain.run(GroovyMain.java:384)
	at groovy.ui.GroovyMain.process(GroovyMain.java:370)
	at groovy.ui.GroovyMain.processArgs(GroovyMain.java:129)
	at groovy.ui.GroovyMain.main(GroovyMain.java:109)
	at sun.reflect.NativeMethodAccessorImpl.invoke0(Native Method)
	at sun.reflect.NativeMethodAccessorImpl.invoke(NativeMethodAccessorImpl.java:62)
	at sun.reflect.DelegatingMethodAccessorImpl.invoke(DelegatingMethodAccessorImpl.java:43)
	at java.lang.reflect.Method.invoke(Method.java:498)
	at org.codehaus.groovy.tools.GroovyStarter.rootLoader(GroovyStarter.java:109)
	at org.codehaus.groovy.tools.GroovyStarter.main(GroovyStarter.java:131)
)]]></system-err>
   </testsuite>
</testsuites>
